{"/Users/annukumariyadav/Developer/onboarding-assignment/postcss.config.js": {"path":"/Users/annukumariyadav/Developer/onboarding-assignment/postcss.config.js","all":true,"statementMap":{"0":{"start":{"line":1,"column":0},"end":{"line":1,"column":16}},"1":{"start":{"line":2,"column":0},"end":{"line":2,"column":12}},"2":{"start":{"line":3,"column":0},"end":{"line":3,"column":20}},"3":{"start":{"line":4,"column":0},"end":{"line":4,"column":21}},"4":{"start":{"line":5,"column":0},"end":{"line":5,"column":4}},"5":{"start":{"line":6,"column":0},"end":{"line":6,"column":1}}},"s":{"0":0,"1":0,"2":0,"3":0,"4":0,"5":0},"branchMap":{"0":{"type":"branch","line":1,"loc":{"start":{"line":1,"column":79},"end":{"line":6,"column":1}},"locations":[{"start":{"line":1,"column":79},"end":{"line":6,"column":1}}]}},"b":{"0":[0]},"fnMap":{"0":{"name":"(empty-report)","decl":{"start":{"line":1,"column":79},"end":{"line":6,"column":1}},"loc":{"start":{"line":1,"column":79},"end":{"line":6,"column":1}},"line":1}},"f":{"0":0}}
,"/Users/annukumariyadav/Developer/onboarding-assignment/tailwind.config.js": {"path":"/Users/annukumariyadav/Developer/onboarding-assignment/tailwind.config.js","all":true,"statementMap":{"0":{"start":{"line":1,"column":0},"end":{"line":1,"column":43}},"1":{"start":{"line":2,"column":0},"end":{"line":2,"column":16}},"2":{"start":{"line":3,"column":0},"end":{"line":3,"column":12}},"3":{"start":{"line":4,"column":0},"end":{"line":4,"column":19}},"4":{"start":{"line":5,"column":0},"end":{"line":5,"column":33}},"5":{"start":{"line":6,"column":0},"end":{"line":6,"column":4}},"6":{"start":{"line":7,"column":0},"end":{"line":7,"column":10}},"7":{"start":{"line":8,"column":0},"end":{"line":8,"column":15}},"8":{"start":{"line":9,"column":0},"end":{"line":9,"column":4}},"9":{"start":{"line":10,"column":0},"end":{"line":10,"column":14}},"10":{"start":{"line":11,"column":0},"end":{"line":11,"column":1}}},"s":{"0":0,"1":0,"2":0,"3":0,"4":0,"5":0,"6":0,"7":0,"8":0,"9":0,"10":0},"branchMap":{"0":{"type":"branch","line":1,"loc":{"start":{"line":1,"column":181},"end":{"line":11,"column":1}},"locations":[{"start":{"line":1,"column":181},"end":{"line":11,"column":1}}]}},"b":{"0":[0]},"fnMap":{"0":{"name":"(empty-report)","decl":{"start":{"line":1,"column":181},"end":{"line":11,"column":1}},"loc":{"start":{"line":1,"column":181},"end":{"line":11,"column":1}},"line":1}},"f":{"0":0}}
,"/Users/annukumariyadav/Developer/onboarding-assignment/src/App.jsx": {"path":"/Users/annukumariyadav/Developer/onboarding-assignment/src/App.jsx","all":true,"statementMap":{"0":{"start":{"line":1,"column":0},"end":{"line":1,"column":34}},"1":{"start":{"line":2,"column":0},"end":{"line":2,"column":42}},"2":{"start":{"line":3,"column":0},"end":{"line":3,"column":74}},"3":{"start":{"line":4,"column":0},"end":{"line":4,"column":48}},"4":{"start":{"line":5,"column":0},"end":{"line":5,"column":47}},"5":{"start":{"line":6,"column":0},"end":{"line":6,"column":48}},"6":{"start":{"line":7,"column":0},"end":{"line":7,"column":48}},"7":{"start":{"line":8,"column":0},"end":{"line":8,"column":79}},"8":{"start":{"line":9,"column":0},"end":{"line":9,"column":75}},"9":{"start":{"line":10,"column":0},"end":{"line":10,"column":49}},"10":{"start":{"line":11,"column":0},"end":{"line":11,"column":61}},"11":{"start":{"line":12,"column":0},"end":{"line":12,"column":55}},"12":{"start":{"line":13,"column":0},"end":{"line":13,"column":54}},"13":{"start":{"line":14,"column":0},"end":{"line":14,"column":65}},"15":{"start":{"line":16,"column":0},"end":{"line":16,"column":16}},"16":{"start":{"line":17,"column":0},"end":{"line":17,"column":33}},"18":{"start":{"line":19,"column":0},"end":{"line":19,"column":19}},"19":{"start":{"line":20,"column":0},"end":{"line":20,"column":26}},"20":{"start":{"line":21,"column":0},"end":{"line":21,"column":30}},"21":{"start":{"line":22,"column":0},"end":{"line":22,"column":17}},"23":{"start":{"line":24,"column":0},"end":{"line":24,"column":10}},"24":{"start":{"line":25,"column":0},"end":{"line":25,"column":12}},"25":{"start":{"line":26,"column":0},"end":{"line":26,"column":21}},"26":{"start":{"line":27,"column":0},"end":{"line":27,"column":31}},"27":{"start":{"line":28,"column":0},"end":{"line":28,"column":24}},"28":{"start":{"line":29,"column":0},"end":{"line":29,"column":31}},"29":{"start":{"line":30,"column":0},"end":{"line":30,"column":27}},"30":{"start":{"line":31,"column":0},"end":{"line":31,"column":20}},"31":{"start":{"line":32,"column":0},"end":{"line":32,"column":19}},"32":{"start":{"line":33,"column":0},"end":{"line":33,"column":24}},"33":{"start":{"line":34,"column":0},"end":{"line":34,"column":17}},"34":{"start":{"line":35,"column":0},"end":{"line":35,"column":20}},"35":{"start":{"line":36,"column":0},"end":{"line":36,"column":21}},"36":{"start":{"line":37,"column":0},"end":{"line":37,"column":8}},"37":{"start":{"line":38,"column":0},"end":{"line":38,"column":47}},"38":{"start":{"line":39,"column":0},"end":{"line":39,"column":18}},"39":{"start":{"line":40,"column":0},"end":{"line":40,"column":14}},"40":{"start":{"line":41,"column":0},"end":{"line":41,"column":18}},"41":{"start":{"line":42,"column":0},"end":{"line":42,"column":63}},"42":{"start":{"line":43,"column":0},"end":{"line":43,"column":73}},"43":{"start":{"line":44,"column":0},"end":{"line":44,"column":57}},"44":{"start":{"line":45,"column":0},"end":{"line":45,"column":65}},"45":{"start":{"line":46,"column":0},"end":{"line":46,"column":61}},"46":{"start":{"line":47,"column":0},"end":{"line":47,"column":19}},"47":{"start":{"line":48,"column":0},"end":{"line":48,"column":15}},"48":{"start":{"line":49,"column":0},"end":{"line":49,"column":18}},"49":{"start":{"line":50,"column":0},"end":{"line":50,"column":12}},"50":{"start":{"line":51,"column":0},"end":{"line":51,"column":13}},"52":{"start":{"line":53,"column":0},"end":{"line":53,"column":1}},"54":{"start":{"line":55,"column":0},"end":{"line":55,"column":19}}},"s":{"0":0,"1":0,"2":0,"3":0,"4":0,"5":0,"6":0,"7":0,"8":0,"9":0,"10":0,"11":0,"12":0,"13":0,"15":0,"16":0,"18":0,"19":0,"20":0,"21":0,"23":0,"24":0,"25":0,"26":0,"27":0,"28":0,"29":0,"30":0,"31":0,"32":0,"33":0,"34":0,"35":0,"36":0,"37":0,"38":0,"39":0,"40":0,"41":0,"42":0,"43":0,"44":0,"45":0,"46":0,"47":0,"48":0,"49":0,"50":0,"52":0,"54":0},"branchMap":{"0":{"type":"branch","line":1,"loc":{"start":{"line":1,"column":1776},"end":{"line":55,"column":19}},"locations":[{"start":{"line":1,"column":1776},"end":{"line":55,"column":19}}]}},"b":{"0":[0]},"fnMap":{"0":{"name":"(empty-report)","decl":{"start":{"line":1,"column":1776},"end":{"line":55,"column":19}},"loc":{"start":{"line":1,"column":1776},"end":{"line":55,"column":19}},"line":1}},"f":{"0":0}}
,"/Users/annukumariyadav/Developer/onboarding-assignment/src/main.jsx": {"path":"/Users/annukumariyadav/Developer/onboarding-assignment/src/main.jsx","all":true,"statementMap":{"0":{"start":{"line":1,"column":0},"end":{"line":1,"column":25}},"1":{"start":{"line":2,"column":0},"end":{"line":2,"column":39}},"2":{"start":{"line":3,"column":0},"end":{"line":3,"column":27}},"3":{"start":{"line":4,"column":0},"end":{"line":4,"column":20}},"4":{"start":{"line":5,"column":0},"end":{"line":5,"column":38}},"5":{"start":{"line":6,"column":0},"end":{"line":6,"column":33}},"7":{"start":{"line":8,"column":0},"end":{"line":8,"column":60}},"8":{"start":{"line":9,"column":0},"end":{"line":9,"column":20}},"9":{"start":{"line":10,"column":0},"end":{"line":10,"column":28}},"10":{"start":{"line":11,"column":0},"end":{"line":11,"column":13}},"11":{"start":{"line":12,"column":0},"end":{"line":12,"column":15}},"12":{"start":{"line":13,"column":0},"end":{"line":13,"column":22}},"13":{"start":{"line":14,"column":0},"end":{"line":14,"column":1}}},"s":{"0":0,"1":0,"2":0,"3":0,"4":0,"5":0,"7":0,"8":0,"9":0,"10":0,"11":0,"12":0,"13":0},"branchMap":{"0":{"type":"branch","line":1,"loc":{"start":{"line":1,"column":306},"end":{"line":14,"column":-260}},"locations":[{"start":{"line":1,"column":306},"end":{"line":14,"column":-260}}]}},"b":{"0":[0]},"fnMap":{"0":{"name":"(empty-report)","decl":{"start":{"line":1,"column":306},"end":{"line":14,"column":-260}},"loc":{"start":{"line":1,"column":306},"end":{"line":14,"column":-260}},"line":1}},"f":{"0":0}}
,"/Users/annukumariyadav/Developer/onboarding-assignment/src/api/cart/cart.js": {"path":"/Users/annukumariyadav/Developer/onboarding-assignment/src/api/cart/cart.js","all":false,"statementMap":{"0":{"start":{"line":1,"column":0},"end":{"line":1,"column":51}},"2":{"start":{"line":3,"column":0},"end":{"line":3,"column":38}},"3":{"start":{"line":4,"column":0},"end":{"line":4,"column":7}},"4":{"start":{"line":5,"column":0},"end":{"line":5,"column":63}},"5":{"start":{"line":6,"column":0},"end":{"line":6,"column":39}},"6":{"start":{"line":7,"column":0},"end":{"line":7,"column":84}},"7":{"start":{"line":8,"column":0},"end":{"line":8,"column":16}},"8":{"start":{"line":9,"column":0},"end":{"line":9,"column":17}},"9":{"start":{"line":10,"column":0},"end":{"line":10,"column":52}},"10":{"start":{"line":11,"column":0},"end":{"line":11,"column":14}},"11":{"start":{"line":12,"column":0},"end":{"line":12,"column":3}},"12":{"start":{"line":13,"column":0},"end":{"line":13,"column":1}},"14":{"start":{"line":15,"column":0},"end":{"line":15,"column":43}},"15":{"start":{"line":16,"column":0},"end":{"line":16,"column":7}},"16":{"start":{"line":17,"column":0},"end":{"line":17,"column":55}},"17":{"start":{"line":18,"column":0},"end":{"line":18,"column":21}},"18":{"start":{"line":19,"column":0},"end":{"line":19,"column":54}},"19":{"start":{"line":20,"column":0},"end":{"line":20,"column":36}},"20":{"start":{"line":21,"column":0},"end":{"line":21,"column":7}},"21":{"start":{"line":22,"column":0},"end":{"line":22,"column":39}},"22":{"start":{"line":23,"column":0},"end":{"line":23,"column":80}},"23":{"start":{"line":24,"column":0},"end":{"line":24,"column":16}},"24":{"start":{"line":25,"column":0},"end":{"line":25,"column":17}},"25":{"start":{"line":26,"column":0},"end":{"line":26,"column":50}},"26":{"start":{"line":27,"column":0},"end":{"line":27,"column":14}},"27":{"start":{"line":28,"column":0},"end":{"line":28,"column":3}},"28":{"start":{"line":29,"column":0},"end":{"line":29,"column":1}},"30":{"start":{"line":31,"column":0},"end":{"line":31,"column":50}},"31":{"start":{"line":32,"column":0},"end":{"line":32,"column":9}},"32":{"start":{"line":33,"column":0},"end":{"line":33,"column":71}},"33":{"start":{"line":34,"column":0},"end":{"line":34,"column":25}},"34":{"start":{"line":35,"column":0},"end":{"line":35,"column":9}},"35":{"start":{"line":36,"column":0},"end":{"line":36,"column":25}},"36":{"start":{"line":37,"column":0},"end":{"line":37,"column":48}},"37":{"start":{"line":38,"column":0},"end":{"line":38,"column":75}},"38":{"start":{"line":39,"column":0},"end":{"line":39,"column":7}},"39":{"start":{"line":40,"column":0},"end":{"line":40,"column":48}},"40":{"start":{"line":41,"column":0},"end":{"line":41,"column":19}},"41":{"start":{"line":42,"column":0},"end":{"line":42,"column":56}},"42":{"start":{"line":43,"column":0},"end":{"line":43,"column":16}},"43":{"start":{"line":44,"column":0},"end":{"line":44,"column":5}},"44":{"start":{"line":45,"column":0},"end":{"line":45,"column":1}}},"s":{"0":1,"2":1,"3":2,"4":2,"5":2,"6":2,"7":1,"8":1,"9":1,"10":1,"11":1,"12":2,"14":1,"15":2,"16":2,"17":2,"18":2,"19":2,"20":2,"21":2,"22":2,"23":1,"24":1,"25":1,"26":1,"27":1,"28":2,"30":1,"31":2,"32":2,"33":2,"34":2,"35":2,"36":1,"37":1,"38":1,"39":1,"40":1,"41":1,"42":1,"43":1,"44":2},"branchMap":{"0":{"type":"branch","line":3,"loc":{"start":{"line":3,"column":7},"end":{"line":13,"column":1}},"locations":[{"start":{"line":3,"column":7},"end":{"line":13,"column":1}}]},"1":{"type":"branch","line":7,"loc":{"start":{"line":7,"column":22},"end":{"line":12,"column":3}},"locations":[{"start":{"line":7,"column":22},"end":{"line":12,"column":3}}]},"2":{"type":"branch","line":7,"loc":{"start":{"line":7,"column":51},"end":{"line":7,"column":82}},"locations":[{"start":{"line":7,"column":51},"end":{"line":7,"column":82}}]},"3":{"type":"branch","line":15,"loc":{"start":{"line":15,"column":7},"end":{"line":29,"column":1}},"locations":[{"start":{"line":15,"column":7},"end":{"line":29,"column":1}}]},"4":{"type":"branch","line":23,"loc":{"start":{"line":23,"column":22},"end":{"line":28,"column":3}},"locations":[{"start":{"line":23,"column":22},"end":{"line":28,"column":3}}]},"5":{"type":"branch","line":23,"loc":{"start":{"line":23,"column":51},"end":{"line":23,"column":78}},"locations":[{"start":{"line":23,"column":51},"end":{"line":23,"column":78}}]},"6":{"type":"branch","line":31,"loc":{"start":{"line":31,"column":7},"end":{"line":45,"column":1}},"locations":[{"start":{"line":31,"column":7},"end":{"line":45,"column":1}}]},"7":{"type":"branch","line":36,"loc":{"start":{"line":36,"column":24},"end":{"line":44,"column":5}},"locations":[{"start":{"line":36,"column":24},"end":{"line":44,"column":5}}]},"8":{"type":"branch","line":38,"loc":{"start":{"line":38,"column":42},"end":{"line":38,"column":73}},"locations":[{"start":{"line":38,"column":42},"end":{"line":38,"column":73}}]}},"b":{"0":[2],"1":[1],"2":[0],"3":[2],"4":[1],"5":[0],"6":[2],"7":[1],"8":[0]},"fnMap":{"0":{"name":"getCartItems","decl":{"start":{"line":3,"column":7},"end":{"line":13,"column":1}},"loc":{"start":{"line":3,"column":7},"end":{"line":13,"column":1}},"line":3},"1":{"name":"postToCart","decl":{"start":{"line":15,"column":7},"end":{"line":29,"column":1}},"loc":{"start":{"line":15,"column":7},"end":{"line":29,"column":1}},"line":15},"2":{"name":"deleteCartItem","decl":{"start":{"line":31,"column":7},"end":{"line":45,"column":1}},"loc":{"start":{"line":31,"column":7},"end":{"line":45,"column":1}},"line":31}},"f":{"0":2,"1":2,"2":2}}
,"/Users/annukumariyadav/Developer/onboarding-assignment/src/api/orders/orders.js": {"path":"/Users/annukumariyadav/Developer/onboarding-assignment/src/api/orders/orders.js","all":false,"statementMap":{"0":{"start":{"line":1,"column":0},"end":{"line":1,"column":51}},"2":{"start":{"line":3,"column":0},"end":{"line":3,"column":47}},"3":{"start":{"line":4,"column":0},"end":{"line":4,"column":7}},"4":{"start":{"line":5,"column":0},"end":{"line":5,"column":72}},"5":{"start":{"line":6,"column":0},"end":{"line":6,"column":6}},"6":{"start":{"line":7,"column":0},"end":{"line":7,"column":41}},"8":{"start":{"line":9,"column":0},"end":{"line":9,"column":25}},"9":{"start":{"line":10,"column":0},"end":{"line":10,"column":68}},"10":{"start":{"line":11,"column":0},"end":{"line":11,"column":7}},"12":{"start":{"line":13,"column":0},"end":{"line":13,"column":18}},"13":{"start":{"line":14,"column":0},"end":{"line":14,"column":17}},"14":{"start":{"line":15,"column":0},"end":{"line":15,"column":57}},"15":{"start":{"line":16,"column":0},"end":{"line":16,"column":16}},"16":{"start":{"line":17,"column":0},"end":{"line":17,"column":3}},"17":{"start":{"line":18,"column":0},"end":{"line":18,"column":1}},"19":{"start":{"line":20,"column":0},"end":{"line":20,"column":48}},"20":{"start":{"line":21,"column":0},"end":{"line":21,"column":7}},"21":{"start":{"line":22,"column":0},"end":{"line":22,"column":58}},"22":{"start":{"line":23,"column":0},"end":{"line":23,"column":25}},"23":{"start":{"line":24,"column":0},"end":{"line":24,"column":58}},"24":{"start":{"line":25,"column":0},"end":{"line":25,"column":45}},"25":{"start":{"line":26,"column":0},"end":{"line":26,"column":9}},"26":{"start":{"line":27,"column":0},"end":{"line":27,"column":41}},"27":{"start":{"line":28,"column":0},"end":{"line":28,"column":81}},"28":{"start":{"line":29,"column":0},"end":{"line":29,"column":18}},"29":{"start":{"line":30,"column":0},"end":{"line":30,"column":17}},"30":{"start":{"line":31,"column":0},"end":{"line":31,"column":52}},"31":{"start":{"line":32,"column":0},"end":{"line":32,"column":16}},"32":{"start":{"line":33,"column":0},"end":{"line":33,"column":3}},"33":{"start":{"line":34,"column":0},"end":{"line":34,"column":1}}},"s":{"0":1,"2":1,"3":3,"4":3,"5":2,"6":2,"8":3,"9":1,"10":1,"12":1,"13":3,"14":2,"15":2,"16":2,"17":3,"19":1,"20":3,"21":3,"22":3,"23":3,"24":3,"25":3,"26":2,"27":3,"28":1,"29":3,"30":2,"31":2,"32":2,"33":3},"branchMap":{"0":{"type":"branch","line":3,"loc":{"start":{"line":3,"column":7},"end":{"line":18,"column":1}},"locations":[{"start":{"line":3,"column":7},"end":{"line":18,"column":1}}]},"1":{"type":"branch","line":5,"loc":{"start":{"line":5,"column":71},"end":{"line":9,"column":24}},"locations":[{"start":{"line":5,"column":71},"end":{"line":9,"column":24}}]},"2":{"type":"branch","line":9,"loc":{"start":{"line":9,"column":24},"end":{"line":14,"column":4}},"locations":[{"start":{"line":9,"column":24},"end":{"line":14,"column":4}}]},"3":{"type":"branch","line":10,"loc":{"start":{"line":10,"column":39},"end":{"line":10,"column":66}},"locations":[{"start":{"line":10,"column":39},"end":{"line":10,"column":66}}]},"4":{"type":"branch","line":14,"loc":{"start":{"line":14,"column":4},"end":{"line":17,"column":3}},"locations":[{"start":{"line":14,"column":4},"end":{"line":17,"column":3}}]},"5":{"type":"branch","line":20,"loc":{"start":{"line":20,"column":7},"end":{"line":34,"column":1}},"locations":[{"start":{"line":20,"column":7},"end":{"line":34,"column":1}}]},"6":{"type":"branch","line":26,"loc":{"start":{"line":26,"column":8},"end":{"line":28,"column":24}},"locations":[{"start":{"line":26,"column":8},"end":{"line":28,"column":24}}]},"7":{"type":"branch","line":28,"loc":{"start":{"line":28,"column":24},"end":{"line":30,"column":4}},"locations":[{"start":{"line":28,"column":24},"end":{"line":30,"column":4}}]},"8":{"type":"branch","line":28,"loc":{"start":{"line":28,"column":53},"end":{"line":28,"column":79}},"locations":[{"start":{"line":28,"column":53},"end":{"line":28,"column":79}}]},"9":{"type":"branch","line":30,"loc":{"start":{"line":30,"column":4},"end":{"line":33,"column":3}},"locations":[{"start":{"line":30,"column":4},"end":{"line":33,"column":3}}]}},"b":{"0":[3],"1":[2],"2":[1],"3":[0],"4":[2],"5":[3],"6":[2],"7":[1],"8":[0],"9":[2]},"fnMap":{"0":{"name":"fetchUserOrders","decl":{"start":{"line":3,"column":7},"end":{"line":18,"column":1}},"loc":{"start":{"line":3,"column":7},"end":{"line":18,"column":1}},"line":3},"1":{"name":"placeOrder","decl":{"start":{"line":20,"column":7},"end":{"line":34,"column":1}},"loc":{"start":{"line":20,"column":7},"end":{"line":34,"column":1}},"line":20}},"f":{"0":3,"1":3}}
,"/Users/annukumariyadav/Developer/onboarding-assignment/src/api/product/product.js": {"path":"/Users/annukumariyadav/Developer/onboarding-assignment/src/api/product/product.js","all":false,"statementMap":{"0":{"start":{"line":1,"column":0},"end":{"line":1,"column":51}},"2":{"start":{"line":3,"column":0},"end":{"line":3,"column":96}},"3":{"start":{"line":4,"column":0},"end":{"line":4,"column":25}},"4":{"start":{"line":5,"column":0},"end":{"line":5,"column":17}},"5":{"start":{"line":6,"column":0},"end":{"line":6,"column":22}},"6":{"start":{"line":7,"column":0},"end":{"line":7,"column":23}},"7":{"start":{"line":8,"column":0},"end":{"line":8,"column":2}},"8":{"start":{"line":9,"column":0},"end":{"line":9,"column":21}},"9":{"start":{"line":10,"column":0},"end":{"line":10,"column":84}},"10":{"start":{"line":11,"column":0},"end":{"line":11,"column":43}},"11":{"start":{"line":12,"column":0},"end":{"line":12,"column":2}},"12":{"start":{"line":13,"column":0},"end":{"line":13,"column":34}},"13":{"start":{"line":14,"column":0},"end":{"line":14,"column":24}},"14":{"start":{"line":15,"column":0},"end":{"line":15,"column":14}},"15":{"start":{"line":16,"column":0},"end":{"line":16,"column":51}},"16":{"start":{"line":17,"column":0},"end":{"line":17,"column":15}},"17":{"start":{"line":18,"column":0},"end":{"line":18,"column":7}},"18":{"start":{"line":19,"column":0},"end":{"line":19,"column":5}},"19":{"start":{"line":20,"column":0},"end":{"line":20,"column":2}},"20":{"start":{"line":21,"column":0},"end":{"line":21,"column":37}},"21":{"start":{"line":22,"column":0},"end":{"line":22,"column":3}},"23":{"start":{"line":24,"column":0},"end":{"line":24,"column":53}},"24":{"start":{"line":25,"column":0},"end":{"line":25,"column":9}},"25":{"start":{"line":26,"column":0},"end":{"line":26,"column":74}},"26":{"start":{"line":27,"column":0},"end":{"line":27,"column":43}},"27":{"start":{"line":28,"column":0},"end":{"line":28,"column":98}},"28":{"start":{"line":29,"column":0},"end":{"line":29,"column":20}},"29":{"start":{"line":30,"column":0},"end":{"line":30,"column":19}},"30":{"start":{"line":31,"column":0},"end":{"line":31,"column":60}},"31":{"start":{"line":32,"column":0},"end":{"line":32,"column":18}},"32":{"start":{"line":33,"column":0},"end":{"line":33,"column":5}},"33":{"start":{"line":34,"column":0},"end":{"line":34,"column":1}},"34":{"start":{"line":35,"column":0},"end":{"line":35,"column":2}},"35":{"start":{"line":36,"column":0},"end":{"line":36,"column":35}},"36":{"start":{"line":37,"column":0},"end":{"line":37,"column":13}},"37":{"start":{"line":38,"column":0},"end":{"line":38,"column":11}},"38":{"start":{"line":39,"column":0},"end":{"line":39,"column":16}},"39":{"start":{"line":40,"column":0},"end":{"line":40,"column":15}},"40":{"start":{"line":41,"column":0},"end":{"line":41,"column":19}},"41":{"start":{"line":42,"column":0},"end":{"line":42,"column":9}},"42":{"start":{"line":43,"column":0},"end":{"line":43,"column":7}},"43":{"start":{"line":44,"column":0},"end":{"line":44,"column":44}},"44":{"start":{"line":45,"column":0},"end":{"line":45,"column":39}},"45":{"start":{"line":46,"column":0},"end":{"line":46,"column":12}},"46":{"start":{"line":47,"column":0},"end":{"line":47,"column":11}},"47":{"start":{"line":48,"column":0},"end":{"line":48,"column":30}},"48":{"start":{"line":49,"column":0},"end":{"line":49,"column":15}},"49":{"start":{"line":50,"column":0},"end":{"line":50,"column":15}},"50":{"start":{"line":51,"column":0},"end":{"line":51,"column":6}},"52":{"start":{"line":53,"column":0},"end":{"line":53,"column":71}},"54":{"start":{"line":55,"column":0},"end":{"line":55,"column":18}},"55":{"start":{"line":56,"column":0},"end":{"line":56,"column":49}},"56":{"start":{"line":57,"column":0},"end":{"line":57,"column":5}},"58":{"start":{"line":59,"column":0},"end":{"line":59,"column":33}},"59":{"start":{"line":60,"column":0},"end":{"line":60,"column":15}},"60":{"start":{"line":61,"column":0},"end":{"line":61,"column":17}},"61":{"start":{"line":62,"column":0},"end":{"line":62,"column":50}},"62":{"start":{"line":63,"column":0},"end":{"line":63,"column":14}},"63":{"start":{"line":64,"column":0},"end":{"line":64,"column":3}},"64":{"start":{"line":65,"column":0},"end":{"line":65,"column":1}}},"s":{"0":1,"2":1,"3":1,"4":1,"5":1,"6":1,"7":1,"8":1,"9":3,"10":3,"11":3,"12":3,"13":1,"14":3,"15":2,"16":2,"17":2,"18":3,"19":1,"20":1,"21":1,"23":1,"24":2,"25":2,"26":2,"27":2,"28":1,"29":1,"30":1,"31":1,"32":1,"33":2,"34":1,"35":1,"36":5,"37":5,"38":5,"39":5,"40":5,"41":5,"42":5,"43":5,"44":5,"45":5,"46":5,"47":5,"48":5,"49":5,"50":5,"52":5,"54":5,"55":1,"56":1,"58":4,"59":4,"60":5,"61":1,"62":1,"63":1,"64":5},"branchMap":{"0":{"type":"branch","line":3,"loc":{"start":{"line":3,"column":7},"end":{"line":22,"column":3}},"locations":[{"start":{"line":3,"column":7},"end":{"line":22,"column":3}}]},"1":{"type":"branch","line":9,"loc":{"start":{"line":9,"column":20},"end":{"line":19,"column":5}},"locations":[{"start":{"line":9,"column":20},"end":{"line":19,"column":5}}]},"2":{"type":"branch","line":11,"loc":{"start":{"line":11,"column":37},"end":{"line":11,"column":42}},"locations":[{"start":{"line":11,"column":37},"end":{"line":11,"column":42}}]},"3":{"type":"branch","line":13,"loc":{"start":{"line":13,"column":33},"end":{"line":15,"column":7}},"locations":[{"start":{"line":13,"column":33},"end":{"line":15,"column":7}}]},"4":{"type":"branch","line":15,"loc":{"start":{"line":15,"column":7},"end":{"line":18,"column":7}},"locations":[{"start":{"line":15,"column":7},"end":{"line":18,"column":7}}]},"5":{"type":"branch","line":24,"loc":{"start":{"line":24,"column":9},"end":{"line":34,"column":1}},"locations":[{"start":{"line":24,"column":9},"end":{"line":34,"column":1}}]},"6":{"type":"branch","line":28,"loc":{"start":{"line":28,"column":26},"end":{"line":33,"column":5}},"locations":[{"start":{"line":28,"column":26},"end":{"line":33,"column":5}}]},"7":{"type":"branch","line":28,"loc":{"start":{"line":28,"column":55},"end":{"line":28,"column":96}},"locations":[{"start":{"line":28,"column":55},"end":{"line":28,"column":96}}]},"8":{"type":"branch","line":36,"loc":{"start":{"line":36,"column":7},"end":{"line":65,"column":1}},"locations":[{"start":{"line":36,"column":7},"end":{"line":65,"column":1}}]},"9":{"type":"branch","line":55,"loc":{"start":{"line":55,"column":17},"end":{"line":57,"column":5}},"locations":[{"start":{"line":55,"column":17},"end":{"line":57,"column":5}}]},"10":{"type":"branch","line":57,"loc":{"start":{"line":57,"column":4},"end":{"line":61,"column":4}},"locations":[{"start":{"line":57,"column":4},"end":{"line":61,"column":4}}]},"11":{"type":"branch","line":61,"loc":{"start":{"line":61,"column":4},"end":{"line":64,"column":3}},"locations":[{"start":{"line":61,"column":4},"end":{"line":64,"column":3}}]}},"b":{"0":[1],"1":[3],"2":[0],"3":[1],"4":[2],"5":[2],"6":[1],"7":[0],"8":[5],"9":[1],"10":[4],"11":[1]},"fnMap":{"0":{"name":"fetchAllProducts","decl":{"start":{"line":3,"column":7},"end":{"line":22,"column":3}},"loc":{"start":{"line":3,"column":7},"end":{"line":22,"column":3}},"line":3},"1":{"name":"fetchProductById","decl":{"start":{"line":24,"column":9},"end":{"line":34,"column":1}},"loc":{"start":{"line":24,"column":9},"end":{"line":34,"column":1}},"line":24},"2":{"name":"getProducts","decl":{"start":{"line":36,"column":7},"end":{"line":65,"column":1}},"loc":{"start":{"line":36,"column":7},"end":{"line":65,"column":1}},"line":36}},"f":{"0":1,"1":2,"2":5}}
,"/Users/annukumariyadav/Developer/onboarding-assignment/src/app/store.js": {"path":"/Users/annukumariyadav/Developer/onboarding-assignment/src/app/store.js","all":false,"statementMap":{"0":{"start":{"line":1,"column":0},"end":{"line":1,"column":94}},"1":{"start":{"line":2,"column":0},"end":{"line":2,"column":69}},"2":{"start":{"line":3,"column":0},"end":{"line":3,"column":66}},"3":{"start":{"line":4,"column":0},"end":{"line":4,"column":76}},"4":{"start":{"line":5,"column":0},"end":{"line":5,"column":58}},"5":{"start":{"line":6,"column":0},"end":{"line":6,"column":63}},"7":{"start":{"line":8,"column":0},"end":{"line":8,"column":37}},"8":{"start":{"line":9,"column":0},"end":{"line":9,"column":12}},"9":{"start":{"line":10,"column":0},"end":{"line":10,"column":30}},"10":{"start":{"line":11,"column":0},"end":{"line":11,"column":28}},"11":{"start":{"line":12,"column":0},"end":{"line":12,"column":34}},"12":{"start":{"line":13,"column":0},"end":{"line":13,"column":22}},"13":{"start":{"line":14,"column":0},"end":{"line":14,"column":26}},"14":{"start":{"line":15,"column":0},"end":{"line":15,"column":4}},"15":{"start":{"line":16,"column":0},"end":{"line":16,"column":3}}},"s":{"0":1,"1":1,"2":1,"3":1,"4":1,"5":1,"7":1,"8":1,"9":1,"10":1,"11":1,"12":1,"13":1,"14":1,"15":1},"branchMap":{},"b":{},"fnMap":{},"f":{}}
,"/Users/annukumariyadav/Developer/onboarding-assignment/src/components/Footer/Footer.jsx": {"path":"/Users/annukumariyadav/Developer/onboarding-assignment/src/components/Footer/Footer.jsx","all":false,"statementMap":{"0":{"start":{"line":1,"column":0},"end":{"line":1,"column":40}},"1":{"start":{"line":2,"column":0},"end":{"line":2,"column":26}},"3":{"start":{"line":4,"column":0},"end":{"line":4,"column":22}},"4":{"start":{"line":5,"column":0},"end":{"line":5,"column":10}},"5":{"start":{"line":6,"column":0},"end":{"line":6,"column":50}},"6":{"start":{"line":7,"column":0},"end":{"line":7,"column":77}},"7":{"start":{"line":8,"column":0},"end":{"line":8,"column":88}},"9":{"start":{"line":10,"column":0},"end":{"line":10,"column":15}},"10":{"start":{"line":11,"column":0},"end":{"line":11,"column":85}},"11":{"start":{"line":12,"column":0},"end":{"line":12,"column":46}},"12":{"start":{"line":13,"column":0},"end":{"line":13,"column":80}},"13":{"start":{"line":14,"column":0},"end":{"line":14,"column":80}},"14":{"start":{"line":15,"column":0},"end":{"line":15,"column":80}},"15":{"start":{"line":16,"column":0},"end":{"line":16,"column":80}},"16":{"start":{"line":17,"column":0},"end":{"line":17,"column":80}},"17":{"start":{"line":18,"column":0},"end":{"line":18,"column":17}},"18":{"start":{"line":19,"column":0},"end":{"line":19,"column":16}},"20":{"start":{"line":21,"column":0},"end":{"line":21,"column":15}},"21":{"start":{"line":22,"column":0},"end":{"line":22,"column":85}},"22":{"start":{"line":23,"column":0},"end":{"line":23,"column":46}},"23":{"start":{"line":24,"column":0},"end":{"line":24,"column":80}},"24":{"start":{"line":25,"column":0},"end":{"line":25,"column":80}},"25":{"start":{"line":26,"column":0},"end":{"line":26,"column":80}},"26":{"start":{"line":27,"column":0},"end":{"line":27,"column":80}},"27":{"start":{"line":28,"column":0},"end":{"line":28,"column":80}},"28":{"start":{"line":29,"column":0},"end":{"line":29,"column":17}},"29":{"start":{"line":30,"column":0},"end":{"line":30,"column":16}},"31":{"start":{"line":32,"column":0},"end":{"line":32,"column":15}},"32":{"start":{"line":33,"column":0},"end":{"line":33,"column":85}},"33":{"start":{"line":34,"column":0},"end":{"line":34,"column":46}},"34":{"start":{"line":35,"column":0},"end":{"line":35,"column":80}},"35":{"start":{"line":36,"column":0},"end":{"line":36,"column":80}},"36":{"start":{"line":37,"column":0},"end":{"line":37,"column":80}},"37":{"start":{"line":38,"column":0},"end":{"line":38,"column":80}},"38":{"start":{"line":39,"column":0},"end":{"line":39,"column":80}},"39":{"start":{"line":40,"column":0},"end":{"line":40,"column":17}},"40":{"start":{"line":41,"column":0},"end":{"line":41,"column":16}},"42":{"start":{"line":43,"column":0},"end":{"line":43,"column":14}},"43":{"start":{"line":44,"column":0},"end":{"line":44,"column":12}},"44":{"start":{"line":45,"column":0},"end":{"line":45,"column":13}},"46":{"start":{"line":47,"column":0},"end":{"line":47,"column":2}},"48":{"start":{"line":49,"column":0},"end":{"line":49,"column":22}}},"s":{"0":1,"1":1,"3":1,"4":3,"5":3,"6":3,"7":3,"9":3,"10":3,"11":3,"12":3,"13":3,"14":3,"15":3,"16":3,"17":3,"18":3,"20":3,"21":3,"22":3,"23":3,"24":3,"25":3,"26":3,"27":3,"28":3,"29":3,"31":3,"32":3,"33":3,"34":3,"35":3,"36":3,"37":3,"38":3,"39":3,"40":3,"42":3,"43":3,"44":3,"46":3,"48":1},"branchMap":{"0":{"type":"branch","line":4,"loc":{"start":{"line":4,"column":15},"end":{"line":47,"column":2}},"locations":[{"start":{"line":4,"column":15},"end":{"line":47,"column":2}}]}},"b":{"0":[3]},"fnMap":{"0":{"name":"Footer","decl":{"start":{"line":4,"column":15},"end":{"line":47,"column":2}},"loc":{"start":{"line":4,"column":15},"end":{"line":47,"column":2}},"line":4}},"f":{"0":3}}
,"/Users/annukumariyadav/Developer/onboarding-assignment/src/components/Header/Header.jsx": {"path":"/Users/annukumariyadav/Developer/onboarding-assignment/src/components/Header/Header.jsx","all":false,"statementMap":{"0":{"start":{"line":1,"column":0},"end":{"line":1,"column":40}},"1":{"start":{"line":2,"column":0},"end":{"line":2,"column":42}},"2":{"start":{"line":3,"column":0},"end":{"line":3,"column":54}},"3":{"start":{"line":4,"column":0},"end":{"line":4,"column":50}},"4":{"start":{"line":5,"column":0},"end":{"line":5,"column":57}},"6":{"start":{"line":7,"column":0},"end":{"line":7,"column":22}},"7":{"start":{"line":8,"column":0},"end":{"line":8,"column":67}},"9":{"start":{"line":10,"column":0},"end":{"line":10,"column":50}},"11":{"start":{"line":12,"column":0},"end":{"line":12,"column":10}},"12":{"start":{"line":13,"column":0},"end":{"line":13,"column":130}},"13":{"start":{"line":14,"column":0},"end":{"line":14,"column":72}},"14":{"start":{"line":15,"column":0},"end":{"line":15,"column":63}},"16":{"start":{"line":17,"column":0},"end":{"line":17,"column":15}},"17":{"start":{"line":18,"column":0},"end":{"line":18,"column":79}},"18":{"start":{"line":19,"column":0},"end":{"line":19,"column":88}},"19":{"start":{"line":20,"column":0},"end":{"line":20,"column":14}},"20":{"start":{"line":21,"column":0},"end":{"line":21,"column":74}},"21":{"start":{"line":22,"column":0},"end":{"line":22,"column":75}},"22":{"start":{"line":23,"column":0},"end":{"line":23,"column":79}},"23":{"start":{"line":24,"column":0},"end":{"line":24,"column":97}},"24":{"start":{"line":25,"column":0},"end":{"line":25,"column":14}},"25":{"start":{"line":26,"column":0},"end":{"line":26,"column":12}},"27":{"start":{"line":28,"column":0},"end":{"line":28,"column":63}},"29":{"start":{"line":30,"column":0},"end":{"line":30,"column":65}},"30":{"start":{"line":31,"column":0},"end":{"line":31,"column":135}},"31":{"start":{"line":32,"column":0},"end":{"line":32,"column":120}},"33":{"start":{"line":34,"column":0},"end":{"line":34,"column":44}},"34":{"start":{"line":35,"column":0},"end":{"line":35,"column":16}},"35":{"start":{"line":36,"column":0},"end":{"line":36,"column":111}},"36":{"start":{"line":37,"column":0},"end":{"line":37,"column":54}},"37":{"start":{"line":38,"column":0},"end":{"line":38,"column":60}},"38":{"start":{"line":39,"column":0},"end":{"line":39,"column":23}},"39":{"start":{"line":40,"column":0},"end":{"line":40,"column":17}},"41":{"start":{"line":42,"column":0},"end":{"line":42,"column":17}},"42":{"start":{"line":43,"column":0},"end":{"line":43,"column":113}},"43":{"start":{"line":44,"column":0},"end":{"line":44,"column":14}},"44":{"start":{"line":45,"column":0},"end":{"line":45,"column":12}},"45":{"start":{"line":46,"column":0},"end":{"line":46,"column":13}},"47":{"start":{"line":48,"column":0},"end":{"line":48,"column":2}},"49":{"start":{"line":50,"column":0},"end":{"line":50,"column":22}}},"s":{"0":1,"1":1,"2":1,"3":1,"4":1,"6":1,"7":5,"9":5,"11":5,"12":5,"13":5,"14":5,"16":5,"17":5,"18":5,"19":5,"20":5,"21":5,"22":5,"23":5,"24":5,"25":5,"27":5,"29":5,"30":5,"31":5,"33":5,"34":2,"35":2,"36":2,"37":2,"38":2,"39":2,"41":5,"42":5,"43":5,"44":5,"45":5,"47":5,"49":1},"branchMap":{"0":{"type":"branch","line":7,"loc":{"start":{"line":7,"column":15},"end":{"line":48,"column":2}},"locations":[{"start":{"line":7,"column":15},"end":{"line":48,"column":2}}]},"1":{"type":"branch","line":8,"loc":{"start":{"line":8,"column":59},"end":{"line":8,"column":67}},"locations":[{"start":{"line":8,"column":59},"end":{"line":8,"column":67}}]},"2":{"type":"branch","line":34,"loc":{"start":{"line":34,"column":38},"end":{"line":40,"column":17}},"locations":[{"start":{"line":34,"column":38},"end":{"line":40,"column":17}}]},"3":{"type":"branch","line":8,"loc":{"start":{"line":8,"column":32},"end":{"line":8,"column":59}},"locations":[{"start":{"line":8,"column":32},"end":{"line":8,"column":59}}]},"4":{"type":"branch","line":8,"loc":{"start":{"line":8,"column":48},"end":{"line":8,"column":59}},"locations":[{"start":{"line":8,"column":48},"end":{"line":8,"column":59}}]}},"b":{"0":[5],"1":[1],"2":[2],"3":[5],"4":[4]},"fnMap":{"0":{"name":"Header","decl":{"start":{"line":7,"column":15},"end":{"line":48,"column":2}},"loc":{"start":{"line":7,"column":15},"end":{"line":48,"column":2}},"line":7}},"f":{"0":5}}
,"/Users/annukumariyadav/Developer/onboarding-assignment/src/components/ProductCard/ProductCard.jsx": {"path":"/Users/annukumariyadav/Developer/onboarding-assignment/src/components/ProductCard/ProductCard.jsx","all":false,"statementMap":{"0":{"start":{"line":1,"column":0},"end":{"line":1,"column":40}},"1":{"start":{"line":2,"column":0},"end":{"line":2,"column":52}},"3":{"start":{"line":4,"column":0},"end":{"line":4,"column":23}},"4":{"start":{"line":5,"column":0},"end":{"line":5,"column":29}},"5":{"start":{"line":6,"column":0},"end":{"line":6,"column":12}},"6":{"start":{"line":7,"column":0},"end":{"line":7,"column":13}},"7":{"start":{"line":8,"column":0},"end":{"line":8,"column":5}},"8":{"start":{"line":9,"column":0},"end":{"line":9,"column":7}},"10":{"start":{"line":11,"column":0},"end":{"line":11,"column":35}},"11":{"start":{"line":12,"column":0},"end":{"line":12,"column":32}},"12":{"start":{"line":13,"column":0},"end":{"line":13,"column":4}},"14":{"start":{"line":15,"column":0},"end":{"line":15,"column":10}},"15":{"start":{"line":16,"column":0},"end":{"line":16,"column":108}},"16":{"start":{"line":17,"column":0},"end":{"line":17,"column":111}},"17":{"start":{"line":18,"column":0},"end":{"line":18,"column":41}},"18":{"start":{"line":19,"column":0},"end":{"line":19,"column":14}},"19":{"start":{"line":20,"column":0},"end":{"line":20,"column":23}},"20":{"start":{"line":21,"column":0},"end":{"line":21,"column":23}},"21":{"start":{"line":22,"column":0},"end":{"line":22,"column":38}},"22":{"start":{"line":23,"column":0},"end":{"line":23,"column":99}},"23":{"start":{"line":24,"column":0},"end":{"line":24,"column":12}},"24":{"start":{"line":25,"column":0},"end":{"line":25,"column":14}},"25":{"start":{"line":26,"column":0},"end":{"line":26,"column":54}},"26":{"start":{"line":27,"column":0},"end":{"line":27,"column":117}},"27":{"start":{"line":28,"column":0},"end":{"line":28,"column":40}},"28":{"start":{"line":29,"column":0},"end":{"line":29,"column":58}},"29":{"start":{"line":30,"column":0},"end":{"line":30,"column":53}},"30":{"start":{"line":31,"column":0},"end":{"line":31,"column":33}},"31":{"start":{"line":32,"column":0},"end":{"line":32,"column":16}},"32":{"start":{"line":33,"column":0},"end":{"line":33,"column":16}},"33":{"start":{"line":34,"column":0},"end":{"line":34,"column":14}},"34":{"start":{"line":35,"column":0},"end":{"line":35,"column":13}},"35":{"start":{"line":36,"column":0},"end":{"line":36,"column":14}},"37":{"start":{"line":38,"column":0},"end":{"line":38,"column":2}},"39":{"start":{"line":40,"column":0},"end":{"line":40,"column":27}}},"s":{"0":1,"1":1,"3":1,"4":10,"5":10,"6":10,"7":10,"8":10,"10":10,"11":1,"12":1,"14":10,"15":10,"16":10,"17":10,"18":10,"19":10,"20":10,"21":10,"22":10,"23":10,"24":10,"25":10,"26":10,"27":10,"28":10,"29":10,"30":10,"31":10,"32":10,"33":10,"34":10,"35":10,"37":10,"39":1},"branchMap":{"0":{"type":"branch","line":4,"loc":{"start":{"line":4,"column":20},"end":{"line":38,"column":2}},"locations":[{"start":{"line":4,"column":20},"end":{"line":38,"column":2}}]},"1":{"type":"branch","line":11,"loc":{"start":{"line":11,"column":27},"end":{"line":13,"column":4}},"locations":[{"start":{"line":11,"column":27},"end":{"line":13,"column":4}}]}},"b":{"0":[10],"1":[1]},"fnMap":{"0":{"name":"ProductCard","decl":{"start":{"line":4,"column":20},"end":{"line":38,"column":2}},"loc":{"start":{"line":4,"column":20},"end":{"line":38,"column":2}},"line":4},"1":{"name":"handleImageError","decl":{"start":{"line":11,"column":27},"end":{"line":13,"column":4}},"loc":{"start":{"line":11,"column":27},"end":{"line":13,"column":4}},"line":11}},"f":{"0":10,"1":1}}
,"/Users/annukumariyadav/Developer/onboarding-assignment/src/constants/index.js": {"path":"/Users/annukumariyadav/Developer/onboarding-assignment/src/constants/index.js","all":false,"statementMap":{"0":{"start":{"line":1,"column":0},"end":{"line":1,"column":70}}},"s":{"0":1},"branchMap":{},"b":{},"fnMap":{},"f":{}}
,"/Users/annukumariyadav/Developer/onboarding-assignment/src/features/cart/cartSlice.js": {"path":"/Users/annukumariyadav/Developer/onboarding-assignment/src/features/cart/cartSlice.js","all":false,"statementMap":{"0":{"start":{"line":1,"column":0},"end":{"line":1,"column":109}},"1":{"start":{"line":2,"column":0},"end":{"line":2,"column":102}},"3":{"start":{"line":4,"column":0},"end":{"line":4,"column":95}},"4":{"start":{"line":5,"column":0},"end":{"line":5,"column":100}},"5":{"start":{"line":6,"column":0},"end":{"line":6,"column":3}},"7":{"start":{"line":8,"column":0},"end":{"line":8,"column":42}},"8":{"start":{"line":9,"column":0},"end":{"line":9,"column":19}},"9":{"start":{"line":10,"column":0},"end":{"line":10,"column":59}},"10":{"start":{"line":11,"column":0},"end":{"line":11,"column":9}},"11":{"start":{"line":12,"column":0},"end":{"line":12,"column":48}},"12":{"start":{"line":13,"column":0},"end":{"line":13,"column":87}},"14":{"start":{"line":15,"column":0},"end":{"line":15,"column":29}},"15":{"start":{"line":16,"column":0},"end":{"line":16,"column":91}},"16":{"start":{"line":17,"column":0},"end":{"line":17,"column":14}},"17":{"start":{"line":18,"column":0},"end":{"line":18,"column":47}},"18":{"start":{"line":19,"column":0},"end":{"line":19,"column":70}},"19":{"start":{"line":20,"column":0},"end":{"line":20,"column":7}},"20":{"start":{"line":21,"column":0},"end":{"line":21,"column":21}},"21":{"start":{"line":22,"column":0},"end":{"line":22,"column":47}},"22":{"start":{"line":23,"column":0},"end":{"line":23,"column":5}},"23":{"start":{"line":24,"column":0},"end":{"line":24,"column":3}},"24":{"start":{"line":25,"column":0},"end":{"line":25,"column":2}},"26":{"start":{"line":27,"column":0},"end":{"line":27,"column":113}},"27":{"start":{"line":28,"column":0},"end":{"line":28,"column":9}},"28":{"start":{"line":29,"column":0},"end":{"line":29,"column":48}},"29":{"start":{"line":30,"column":0},"end":{"line":30,"column":87}},"30":{"start":{"line":31,"column":0},"end":{"line":31,"column":66}},"31":{"start":{"line":32,"column":0},"end":{"line":32,"column":42}},"32":{"start":{"line":33,"column":0},"end":{"line":33,"column":123}},"33":{"start":{"line":34,"column":0},"end":{"line":34,"column":14}},"34":{"start":{"line":35,"column":0},"end":{"line":35,"column":53}},"35":{"start":{"line":36,"column":0},"end":{"line":36,"column":72}},"36":{"start":{"line":37,"column":0},"end":{"line":37,"column":7}},"37":{"start":{"line":38,"column":0},"end":{"line":38,"column":65}},"38":{"start":{"line":39,"column":0},"end":{"line":39,"column":3}},"40":{"start":{"line":41,"column":0},"end":{"line":41,"column":113}},"41":{"start":{"line":42,"column":0},"end":{"line":42,"column":9}},"42":{"start":{"line":43,"column":0},"end":{"line":43,"column":48}},"43":{"start":{"line":44,"column":0},"end":{"line":44,"column":87}},"44":{"start":{"line":45,"column":0},"end":{"line":45,"column":66}},"45":{"start":{"line":46,"column":0},"end":{"line":46,"column":51}},"46":{"start":{"line":47,"column":0},"end":{"line":47,"column":70}},"47":{"start":{"line":48,"column":0},"end":{"line":48,"column":65}},"48":{"start":{"line":49,"column":0},"end":{"line":49,"column":3}},"50":{"start":{"line":51,"column":0},"end":{"line":51,"column":31}},"51":{"start":{"line":52,"column":0},"end":{"line":52,"column":15}},"52":{"start":{"line":53,"column":0},"end":{"line":53,"column":17}},"53":{"start":{"line":54,"column":0},"end":{"line":54,"column":14}},"54":{"start":{"line":55,"column":0},"end":{"line":55,"column":19}},"55":{"start":{"line":56,"column":0},"end":{"line":56,"column":16}},"56":{"start":{"line":57,"column":0},"end":{"line":57,"column":4}},"57":{"start":{"line":58,"column":0},"end":{"line":58,"column":13}},"58":{"start":{"line":59,"column":0},"end":{"line":59,"column":22}},"59":{"start":{"line":60,"column":0},"end":{"line":60,"column":25}},"60":{"start":{"line":61,"column":0},"end":{"line":61,"column":40}},"61":{"start":{"line":62,"column":0},"end":{"line":62,"column":5}},"62":{"start":{"line":63,"column":0},"end":{"line":63,"column":4}},"63":{"start":{"line":64,"column":0},"end":{"line":64,"column":29}},"64":{"start":{"line":65,"column":0},"end":{"line":65,"column":67}},"65":{"start":{"line":66,"column":0},"end":{"line":66,"column":105}},"66":{"start":{"line":67,"column":0},"end":{"line":67,"column":48}},"67":{"start":{"line":68,"column":0},"end":{"line":68,"column":35}},"68":{"start":{"line":69,"column":0},"end":{"line":69,"column":43}},"69":{"start":{"line":70,"column":0},"end":{"line":70,"column":34}},"70":{"start":{"line":71,"column":0},"end":{"line":71,"column":95}},"71":{"start":{"line":72,"column":0},"end":{"line":72,"column":16}},"72":{"start":{"line":73,"column":0},"end":{"line":73,"column":110}},"73":{"start":{"line":74,"column":0},"end":{"line":74,"column":41}},"74":{"start":{"line":75,"column":0},"end":{"line":75,"column":61}},"75":{"start":{"line":76,"column":0},"end":{"line":76,"column":20}},"76":{"start":{"line":77,"column":0},"end":{"line":77,"column":46}},"77":{"start":{"line":78,"column":0},"end":{"line":78,"column":13}},"78":{"start":{"line":79,"column":0},"end":{"line":79,"column":9}},"79":{"start":{"line":80,"column":0},"end":{"line":80,"column":6}},"81":{"start":{"line":82,"column":0},"end":{"line":82,"column":11}},"82":{"start":{"line":83,"column":0},"end":{"line":83,"column":48}},"83":{"start":{"line":84,"column":0},"end":{"line":84,"column":56}},"84":{"start":{"line":85,"column":0},"end":{"line":85,"column":35}},"85":{"start":{"line":86,"column":0},"end":{"line":86,"column":37}},"86":{"start":{"line":87,"column":0},"end":{"line":87,"column":8}},"87":{"start":{"line":88,"column":0},"end":{"line":88,"column":50}},"88":{"start":{"line":89,"column":0},"end":{"line":89,"column":48}},"89":{"start":{"line":90,"column":0},"end":{"line":90,"column":52}},"90":{"start":{"line":91,"column":0},"end":{"line":91,"column":50}},"91":{"start":{"line":92,"column":0},"end":{"line":92,"column":53}},"92":{"start":{"line":93,"column":0},"end":{"line":93,"column":57}},"93":{"start":{"line":94,"column":0},"end":{"line":94,"column":55}},"94":{"start":{"line":95,"column":0},"end":{"line":95,"column":53}},"95":{"start":{"line":96,"column":0},"end":{"line":96,"column":57}},"96":{"start":{"line":97,"column":0},"end":{"line":97,"column":56}},"97":{"start":{"line":98,"column":0},"end":{"line":98,"column":4}},"98":{"start":{"line":99,"column":0},"end":{"line":99,"column":3}},"100":{"start":{"line":101,"column":0},"end":{"line":101,"column":47}},"101":{"start":{"line":102,"column":0},"end":{"line":102,"column":33}}},"s":{"0":1,"1":1,"3":1,"4":0,"5":1,"7":1,"8":1,"9":1,"10":0,"11":0,"12":0,"14":0,"15":0,"16":0,"17":0,"18":0,"19":0,"20":0,"21":0,"22":0,"23":0,"24":1,"26":1,"27":0,"28":0,"29":0,"30":0,"31":0,"32":0,"33":0,"34":0,"35":0,"36":0,"37":0,"38":1,"40":1,"41":0,"42":0,"43":0,"44":0,"45":0,"46":0,"47":0,"48":1,"50":1,"51":1,"52":1,"53":1,"54":1,"55":1,"56":1,"57":1,"58":1,"59":0,"60":0,"61":0,"62":1,"63":1,"64":4,"65":4,"66":4,"67":5,"68":5,"69":5,"70":2,"71":5,"72":3,"73":3,"74":2,"75":3,"76":1,"77":1,"78":3,"79":4,"81":4,"82":4,"83":4,"84":1,"85":1,"86":4,"87":4,"88":4,"89":4,"90":4,"91":4,"92":4,"93":4,"94":4,"95":4,"96":4,"97":1,"98":1,"100":1,"101":1},"branchMap":{"0":{"type":"branch","line":64,"loc":{"start":{"line":64,"column":17},"end":{"line":98,"column":3}},"locations":[{"start":{"line":64,"column":17},"end":{"line":98,"column":3}}]},"1":{"type":"branch","line":65,"loc":{"start":{"line":65,"column":26},"end":{"line":65,"column":66}},"locations":[{"start":{"line":65,"column":26},"end":{"line":65,"column":66}}]},"2":{"type":"branch","line":66,"loc":{"start":{"line":66,"column":27},"end":{"line":66,"column":104}},"locations":[{"start":{"line":66,"column":27},"end":{"line":66,"column":104}}]},"3":{"type":"branch","line":67,"loc":{"start":{"line":67,"column":28},"end":{"line":80,"column":5}},"locations":[{"start":{"line":67,"column":28},"end":{"line":80,"column":5}}]},"4":{"type":"branch","line":70,"loc":{"start":{"line":70,"column":33},"end":{"line":72,"column":9}},"locations":[{"start":{"line":70,"column":33},"end":{"line":72,"column":9}}]},"5":{"type":"branch","line":72,"loc":{"start":{"line":72,"column":9},"end":{"line":79,"column":9}},"locations":[{"start":{"line":72,"column":9},"end":{"line":79,"column":9}}]},"6":{"type":"branch","line":74,"loc":{"start":{"line":74,"column":40},"end":{"line":76,"column":13}},"locations":[{"start":{"line":74,"column":40},"end":{"line":76,"column":13}}]},"7":{"type":"branch","line":76,"loc":{"start":{"line":76,"column":13},"end":{"line":78,"column":13}},"locations":[{"start":{"line":76,"column":13},"end":{"line":78,"column":13}}]},"8":{"type":"branch","line":71,"loc":{"start":{"line":71,"column":45},"end":{"line":71,"column":93}},"locations":[{"start":{"line":71,"column":45},"end":{"line":71,"column":93}}]},"9":{"type":"branch","line":73,"loc":{"start":{"line":73,"column":60},"end":{"line":73,"column":108}},"locations":[{"start":{"line":73,"column":60},"end":{"line":73,"column":108}}]},"10":{"type":"branch","line":84,"loc":{"start":{"line":84,"column":36},"end":{"line":87,"column":7}},"locations":[{"start":{"line":84,"column":36},"end":{"line":87,"column":7}}]}},"b":{"0":[4],"1":[1],"2":[1],"3":[5],"4":[2],"5":[3],"6":[2],"7":[1],"8":[3],"9":[2],"10":[1]},"fnMap":{"0":{"name":"clearCart","decl":{"start":{"line":59,"column":4},"end":{"line":62,"column":5}},"loc":{"start":{"line":59,"column":4},"end":{"line":62,"column":5}},"line":59},"1":{"name":"extraReducers","decl":{"start":{"line":64,"column":17},"end":{"line":98,"column":3}},"loc":{"start":{"line":64,"column":17},"end":{"line":98,"column":3}},"line":64},"2":{"name":"handlePending","decl":{"start":{"line":65,"column":26},"end":{"line":65,"column":66}},"loc":{"start":{"line":65,"column":26},"end":{"line":65,"column":66}},"line":65},"3":{"name":"handleRejected","decl":{"start":{"line":66,"column":27},"end":{"line":66,"column":104}},"loc":{"start":{"line":66,"column":27},"end":{"line":66,"column":104}},"line":66},"4":{"name":"handleFulfilled","decl":{"start":{"line":67,"column":28},"end":{"line":80,"column":5}},"loc":{"start":{"line":67,"column":28},"end":{"line":80,"column":5}},"line":67}},"f":{"0":0,"1":4,"2":1,"3":1,"4":5}}
,"/Users/annukumariyadav/Developer/onboarding-assignment/src/features/filters/filterSlice.js": {"path":"/Users/annukumariyadav/Developer/onboarding-assignment/src/features/filters/filterSlice.js","all":false,"statementMap":{"0":{"start":{"line":1,"column":0},"end":{"line":1,"column":90}},"2":{"start":{"line":3,"column":0},"end":{"line":3,"column":33}},"3":{"start":{"line":4,"column":0},"end":{"line":4,"column":18}},"4":{"start":{"line":5,"column":0},"end":{"line":5,"column":17}},"5":{"start":{"line":6,"column":0},"end":{"line":6,"column":27}},"6":{"start":{"line":7,"column":0},"end":{"line":7,"column":17}},"7":{"start":{"line":8,"column":0},"end":{"line":8,"column":17}},"8":{"start":{"line":9,"column":0},"end":{"line":9,"column":18}},"9":{"start":{"line":10,"column":0},"end":{"line":10,"column":46}},"10":{"start":{"line":11,"column":0},"end":{"line":11,"column":4}},"11":{"start":{"line":12,"column":0},"end":{"line":12,"column":13}},"12":{"start":{"line":13,"column":0},"end":{"line":13,"column":32}},"13":{"start":{"line":14,"column":0},"end":{"line":14,"column":32}},"14":{"start":{"line":15,"column":0},"end":{"line":15,"column":71}},"15":{"start":{"line":16,"column":0},"end":{"line":16,"column":57}},"16":{"start":{"line":17,"column":0},"end":{"line":17,"column":44}},"17":{"start":{"line":18,"column":0},"end":{"line":18,"column":6}},"18":{"start":{"line":19,"column":0},"end":{"line":19,"column":29}},"19":{"start":{"line":20,"column":0},"end":{"line":20,"column":41}},"20":{"start":{"line":21,"column":0},"end":{"line":21,"column":41}},"21":{"start":{"line":22,"column":0},"end":{"line":22,"column":6}},"22":{"start":{"line":23,"column":0},"end":{"line":23,"column":30}},"23":{"start":{"line":24,"column":0},"end":{"line":24,"column":38}},"24":{"start":{"line":25,"column":0},"end":{"line":25,"column":6}},"25":{"start":{"line":26,"column":0},"end":{"line":26,"column":28}},"26":{"start":{"line":27,"column":0},"end":{"line":27,"column":33}},"27":{"start":{"line":28,"column":0},"end":{"line":28,"column":6}},"28":{"start":{"line":29,"column":0},"end":{"line":29,"column":25}},"29":{"start":{"line":30,"column":0},"end":{"line":30,"column":35}},"30":{"start":{"line":31,"column":0},"end":{"line":31,"column":25}},"31":{"start":{"line":32,"column":0},"end":{"line":32,"column":25}},"32":{"start":{"line":33,"column":0},"end":{"line":33,"column":26}},"33":{"start":{"line":34,"column":0},"end":{"line":34,"column":55}},"34":{"start":{"line":35,"column":0},"end":{"line":35,"column":6}},"35":{"start":{"line":36,"column":0},"end":{"line":36,"column":3}},"36":{"start":{"line":37,"column":0},"end":{"line":37,"column":2}},"38":{"start":{"line":39,"column":0},"end":{"line":39,"column":94}},"39":{"start":{"line":40,"column":0},"end":{"line":40,"column":34}}},"s":{"0":1,"2":1,"3":1,"4":1,"5":1,"6":1,"7":1,"8":1,"9":1,"10":1,"11":1,"12":1,"13":3,"14":3,"15":3,"16":3,"17":1,"18":1,"19":1,"20":1,"21":1,"22":1,"23":1,"24":1,"25":1,"26":1,"27":1,"28":1,"29":1,"30":1,"31":1,"32":1,"33":1,"34":1,"35":1,"36":1,"38":1,"39":1},"branchMap":{"0":{"type":"branch","line":13,"loc":{"start":{"line":13,"column":4},"end":{"line":18,"column":5}},"locations":[{"start":{"line":13,"column":4},"end":{"line":18,"column":5}}]},"1":{"type":"branch","line":16,"loc":{"start":{"line":16,"column":8},"end":{"line":16,"column":57}},"locations":[{"start":{"line":16,"column":8},"end":{"line":16,"column":57}}]},"2":{"type":"branch","line":17,"loc":{"start":{"line":17,"column":8},"end":{"line":17,"column":44}},"locations":[{"start":{"line":17,"column":8},"end":{"line":17,"column":44}}]},"3":{"type":"branch","line":16,"loc":{"start":{"line":16,"column":42},"end":{"line":16,"column":56}},"locations":[{"start":{"line":16,"column":42},"end":{"line":16,"column":56}}]},"4":{"type":"branch","line":19,"loc":{"start":{"line":19,"column":4},"end":{"line":22,"column":5}},"locations":[{"start":{"line":19,"column":4},"end":{"line":22,"column":5}}]},"5":{"type":"branch","line":23,"loc":{"start":{"line":23,"column":4},"end":{"line":25,"column":5}},"locations":[{"start":{"line":23,"column":4},"end":{"line":25,"column":5}}]},"6":{"type":"branch","line":26,"loc":{"start":{"line":26,"column":4},"end":{"line":28,"column":5}},"locations":[{"start":{"line":26,"column":4},"end":{"line":28,"column":5}}]},"7":{"type":"branch","line":29,"loc":{"start":{"line":29,"column":4},"end":{"line":35,"column":5}},"locations":[{"start":{"line":29,"column":4},"end":{"line":35,"column":5}}]}},"b":{"0":[3],"1":[1],"2":[2],"3":[2],"4":[1],"5":[1],"6":[1],"7":[1]},"fnMap":{"0":{"name":"setCategory","decl":{"start":{"line":13,"column":4},"end":{"line":18,"column":5}},"loc":{"start":{"line":13,"column":4},"end":{"line":18,"column":5}},"line":13},"1":{"name":"setPrice","decl":{"start":{"line":19,"column":4},"end":{"line":22,"column":5}},"loc":{"start":{"line":19,"column":4},"end":{"line":22,"column":5}},"line":19},"2":{"name":"setRating","decl":{"start":{"line":23,"column":4},"end":{"line":25,"column":5}},"loc":{"start":{"line":23,"column":4},"end":{"line":25,"column":5}},"line":23},"3":{"name":"setSort","decl":{"start":{"line":26,"column":4},"end":{"line":28,"column":5}},"loc":{"start":{"line":26,"column":4},"end":{"line":28,"column":5}},"line":26},"4":{"name":"clearFilters","decl":{"start":{"line":29,"column":4},"end":{"line":35,"column":5}},"loc":{"start":{"line":29,"column":4},"end":{"line":35,"column":5}},"line":29}},"f":{"0":3,"1":1,"2":1,"3":1,"4":1}}
,"/Users/annukumariyadav/Developer/onboarding-assignment/src/features/orders/orderSlice.js": {"path":"/Users/annukumariyadav/Developer/onboarding-assignment/src/features/orders/orderSlice.js","all":false,"statementMap":{"0":{"start":{"line":1,"column":0},"end":{"line":1,"column":109}},"1":{"start":{"line":2,"column":0},"end":{"line":2,"column":89}},"3":{"start":{"line":4,"column":0},"end":{"line":4,"column":44}},"4":{"start":{"line":5,"column":0},"end":{"line":5,"column":25}},"5":{"start":{"line":6,"column":0},"end":{"line":6,"column":44}},"6":{"start":{"line":7,"column":0},"end":{"line":7,"column":13}},"7":{"start":{"line":8,"column":0},"end":{"line":8,"column":49}},"8":{"start":{"line":9,"column":0},"end":{"line":9,"column":25}},"9":{"start":{"line":10,"column":0},"end":{"line":10,"column":53}},"10":{"start":{"line":11,"column":0},"end":{"line":11,"column":9}},"11":{"start":{"line":12,"column":0},"end":{"line":12,"column":5}},"12":{"start":{"line":13,"column":0},"end":{"line":13,"column":2}},"14":{"start":{"line":15,"column":0},"end":{"line":15,"column":43}},"15":{"start":{"line":16,"column":0},"end":{"line":16,"column":24}},"16":{"start":{"line":17,"column":0},"end":{"line":17,"column":50}},"17":{"start":{"line":18,"column":0},"end":{"line":18,"column":13}},"18":{"start":{"line":19,"column":0},"end":{"line":19,"column":53}},"19":{"start":{"line":20,"column":0},"end":{"line":20,"column":25}},"20":{"start":{"line":21,"column":0},"end":{"line":21,"column":53}},"21":{"start":{"line":22,"column":0},"end":{"line":22,"column":9}},"22":{"start":{"line":23,"column":0},"end":{"line":23,"column":5}},"23":{"start":{"line":24,"column":0},"end":{"line":24,"column":2}},"25":{"start":{"line":26,"column":0},"end":{"line":26,"column":33}},"26":{"start":{"line":27,"column":0},"end":{"line":27,"column":19}},"27":{"start":{"line":28,"column":0},"end":{"line":28,"column":19}},"28":{"start":{"line":29,"column":0},"end":{"line":29,"column":19}},"29":{"start":{"line":30,"column":0},"end":{"line":30,"column":23}},"30":{"start":{"line":31,"column":0},"end":{"line":31,"column":20}},"31":{"start":{"line":32,"column":0},"end":{"line":32,"column":6}},"32":{"start":{"line":33,"column":0},"end":{"line":33,"column":17}},"33":{"start":{"line":34,"column":0},"end":{"line":34,"column":31}},"34":{"start":{"line":35,"column":0},"end":{"line":35,"column":15}},"35":{"start":{"line":36,"column":0},"end":{"line":36,"column":83}},"36":{"start":{"line":37,"column":0},"end":{"line":37,"column":64}},"37":{"start":{"line":38,"column":0},"end":{"line":38,"column":43}},"38":{"start":{"line":39,"column":0},"end":{"line":39,"column":46}},"39":{"start":{"line":40,"column":0},"end":{"line":40,"column":14}},"40":{"start":{"line":41,"column":0},"end":{"line":41,"column":121}},"41":{"start":{"line":42,"column":0},"end":{"line":42,"column":82}},"42":{"start":{"line":43,"column":0},"end":{"line":43,"column":63}},"43":{"start":{"line":44,"column":0},"end":{"line":44,"column":43}},"44":{"start":{"line":45,"column":0},"end":{"line":45,"column":53}},"45":{"start":{"line":46,"column":0},"end":{"line":46,"column":14}},"46":{"start":{"line":47,"column":0},"end":{"line":47,"column":121}},"47":{"start":{"line":48,"column":0},"end":{"line":48,"column":6}},"48":{"start":{"line":49,"column":0},"end":{"line":49,"column":3}},"50":{"start":{"line":51,"column":0},"end":{"line":51,"column":35}}},"s":{"0":1,"1":1,"3":1,"4":1,"5":1,"6":0,"7":0,"8":0,"9":0,"10":0,"11":0,"12":1,"14":1,"15":1,"16":1,"17":0,"18":0,"19":0,"20":0,"21":0,"22":0,"23":1,"25":1,"26":1,"27":1,"28":1,"29":1,"30":1,"31":1,"32":1,"33":1,"34":2,"35":2,"36":2,"37":1,"38":1,"39":2,"40":2,"41":2,"42":2,"43":1,"44":1,"45":2,"46":2,"47":1,"48":1,"50":1},"branchMap":{"0":{"type":"branch","line":34,"loc":{"start":{"line":34,"column":19},"end":{"line":48,"column":5}},"locations":[{"start":{"line":34,"column":19},"end":{"line":48,"column":5}}]},"1":{"type":"branch","line":36,"loc":{"start":{"line":36,"column":42},"end":{"line":36,"column":82}},"locations":[{"start":{"line":36,"column":42},"end":{"line":36,"column":82}}]},"2":{"type":"branch","line":37,"loc":{"start":{"line":37,"column":44},"end":{"line":40,"column":13}},"locations":[{"start":{"line":37,"column":44},"end":{"line":40,"column":13}}]},"3":{"type":"branch","line":41,"loc":{"start":{"line":41,"column":43},"end":{"line":41,"column":120}},"locations":[{"start":{"line":41,"column":43},"end":{"line":41,"column":120}}]},"4":{"type":"branch","line":42,"loc":{"start":{"line":42,"column":41},"end":{"line":42,"column":81}},"locations":[{"start":{"line":42,"column":41},"end":{"line":42,"column":81}}]},"5":{"type":"branch","line":43,"loc":{"start":{"line":43,"column":43},"end":{"line":46,"column":13}},"locations":[{"start":{"line":43,"column":43},"end":{"line":46,"column":13}}]},"6":{"type":"branch","line":47,"loc":{"start":{"line":47,"column":42},"end":{"line":47,"column":119}},"locations":[{"start":{"line":47,"column":42},"end":{"line":47,"column":119}}]}},"b":{"0":[2],"1":[1],"2":[1],"3":[1],"4":[1],"5":[1],"6":[1]},"fnMap":{"0":{"name":"extraReducers","decl":{"start":{"line":34,"column":19},"end":{"line":48,"column":5}},"loc":{"start":{"line":34,"column":19},"end":{"line":48,"column":5}},"line":34}},"f":{"0":2}}
,"/Users/annukumariyadav/Developer/onboarding-assignment/src/features/pagination/paginationSlice.js": {"path":"/Users/annukumariyadav/Developer/onboarding-assignment/src/features/pagination/paginationSlice.js","all":false,"statementMap":{"0":{"start":{"line":1,"column":0},"end":{"line":1,"column":90}},"2":{"start":{"line":3,"column":0},"end":{"line":3,"column":37}},"3":{"start":{"line":4,"column":0},"end":{"line":4,"column":21}},"4":{"start":{"line":5,"column":0},"end":{"line":5,"column":17}},"5":{"start":{"line":6,"column":0},"end":{"line":6,"column":19}},"6":{"start":{"line":7,"column":0},"end":{"line":7,"column":4}},"7":{"start":{"line":8,"column":0},"end":{"line":8,"column":13}},"8":{"start":{"line":9,"column":0},"end":{"line":9,"column":21}},"9":{"start":{"line":10,"column":0},"end":{"line":10,"column":28}},"10":{"start":{"line":11,"column":0},"end":{"line":11,"column":6}},"11":{"start":{"line":12,"column":0},"end":{"line":12,"column":28}},"12":{"start":{"line":13,"column":0},"end":{"line":13,"column":27}},"13":{"start":{"line":14,"column":0},"end":{"line":14,"column":5}},"14":{"start":{"line":15,"column":0},"end":{"line":15,"column":3}},"15":{"start":{"line":16,"column":0},"end":{"line":16,"column":2}},"17":{"start":{"line":18,"column":0},"end":{"line":18,"column":68}},"18":{"start":{"line":19,"column":0},"end":{"line":19,"column":38}}},"s":{"0":1,"2":1,"3":1,"4":1,"5":1,"6":1,"7":1,"8":1,"9":2,"10":1,"11":1,"12":2,"13":2,"14":1,"15":1,"17":1,"18":1},"branchMap":{"0":{"type":"branch","line":9,"loc":{"start":{"line":9,"column":4},"end":{"line":11,"column":5}},"locations":[{"start":{"line":9,"column":4},"end":{"line":11,"column":5}}]},"1":{"type":"branch","line":12,"loc":{"start":{"line":12,"column":4},"end":{"line":14,"column":5}},"locations":[{"start":{"line":12,"column":4},"end":{"line":14,"column":5}}]}},"b":{"0":[2],"1":[2]},"fnMap":{"0":{"name":"loadMore","decl":{"start":{"line":9,"column":4},"end":{"line":11,"column":5}},"loc":{"start":{"line":9,"column":4},"end":{"line":11,"column":5}},"line":9},"1":{"name":"resetPagination","decl":{"start":{"line":12,"column":4},"end":{"line":14,"column":5}},"loc":{"start":{"line":12,"column":4},"end":{"line":14,"column":5}},"line":12}},"f":{"0":2,"1":2}}
,"/Users/annukumariyadav/Developer/onboarding-assignment/src/features/products/productSlice.js": {"path":"/Users/annukumariyadav/Developer/onboarding-assignment/src/features/products/productSlice.js","all":false,"statementMap":{"0":{"start":{"line":1,"column":0},"end":{"line":1,"column":109}},"1":{"start":{"line":2,"column":0},"end":{"line":2,"column":104}},"3":{"start":{"line":4,"column":0},"end":{"line":4,"column":46}},"4":{"start":{"line":5,"column":0},"end":{"line":5,"column":27}},"5":{"start":{"line":6,"column":0},"end":{"line":6,"column":15}},"6":{"start":{"line":7,"column":0},"end":{"line":7,"column":46}},"7":{"start":{"line":8,"column":0},"end":{"line":8,"column":29}},"8":{"start":{"line":9,"column":0},"end":{"line":9,"column":3}},"9":{"start":{"line":10,"column":0},"end":{"line":10,"column":2}},"11":{"start":{"line":12,"column":0},"end":{"line":12,"column":49}},"12":{"start":{"line":13,"column":0},"end":{"line":13,"column":30}},"13":{"start":{"line":14,"column":0},"end":{"line":14,"column":55}},"14":{"start":{"line":15,"column":0},"end":{"line":15,"column":9}},"15":{"start":{"line":16,"column":0},"end":{"line":16,"column":59}},"16":{"start":{"line":17,"column":0},"end":{"line":17,"column":31}},"17":{"start":{"line":18,"column":0},"end":{"line":18,"column":99}},"18":{"start":{"line":19,"column":0},"end":{"line":19,"column":14}},"19":{"start":{"line":20,"column":0},"end":{"line":20,"column":19}},"20":{"start":{"line":21,"column":0},"end":{"line":21,"column":57}},"21":{"start":{"line":22,"column":0},"end":{"line":22,"column":8}},"22":{"start":{"line":23,"column":0},"end":{"line":23,"column":21}},"23":{"start":{"line":24,"column":0},"end":{"line":24,"column":47}},"24":{"start":{"line":25,"column":0},"end":{"line":25,"column":5}},"25":{"start":{"line":26,"column":0},"end":{"line":26,"column":3}},"26":{"start":{"line":27,"column":0},"end":{"line":27,"column":2}},"28":{"start":{"line":29,"column":0},"end":{"line":29,"column":34}},"29":{"start":{"line":30,"column":0},"end":{"line":30,"column":19}},"30":{"start":{"line":31,"column":0},"end":{"line":31,"column":17}},"31":{"start":{"line":32,"column":0},"end":{"line":32,"column":12}},"32":{"start":{"line":33,"column":0},"end":{"line":33,"column":25}},"33":{"start":{"line":34,"column":0},"end":{"line":34,"column":19}},"34":{"start":{"line":35,"column":0},"end":{"line":35,"column":16}},"35":{"start":{"line":36,"column":0},"end":{"line":36,"column":4}},"36":{"start":{"line":37,"column":0},"end":{"line":37,"column":15}},"37":{"start":{"line":38,"column":0},"end":{"line":38,"column":29}},"38":{"start":{"line":39,"column":0},"end":{"line":39,"column":11}},"39":{"start":{"line":40,"column":0},"end":{"line":40,"column":77}},"40":{"start":{"line":41,"column":0},"end":{"line":41,"column":60}},"41":{"start":{"line":42,"column":0},"end":{"line":42,"column":35}},"42":{"start":{"line":43,"column":0},"end":{"line":43,"column":35}},"43":{"start":{"line":44,"column":0},"end":{"line":44,"column":8}},"44":{"start":{"line":45,"column":0},"end":{"line":45,"column":59}},"45":{"start":{"line":46,"column":0},"end":{"line":46,"column":32}},"46":{"start":{"line":47,"column":0},"end":{"line":47,"column":43}},"47":{"start":{"line":48,"column":0},"end":{"line":48,"column":8}},"48":{"start":{"line":49,"column":0},"end":{"line":49,"column":53}},"49":{"start":{"line":50,"column":0},"end":{"line":50,"column":33}},"50":{"start":{"line":51,"column":0},"end":{"line":51,"column":36}},"51":{"start":{"line":52,"column":0},"end":{"line":52,"column":8}},"52":{"start":{"line":53,"column":0},"end":{"line":53,"column":63}},"53":{"start":{"line":54,"column":0},"end":{"line":54,"column":35}},"54":{"start":{"line":55,"column":0},"end":{"line":55,"column":46}},"55":{"start":{"line":56,"column":0},"end":{"line":56,"column":8}},"56":{"start":{"line":57,"column":0},"end":{"line":57,"column":62}},"57":{"start":{"line":58,"column":0},"end":{"line":58,"column":32}},"58":{"start":{"line":59,"column":0},"end":{"line":59,"column":37}},"59":{"start":{"line":60,"column":0},"end":{"line":60,"column":9}},"60":{"start":{"line":61,"column":0},"end":{"line":61,"column":4}},"61":{"start":{"line":62,"column":0},"end":{"line":62,"column":3}},"63":{"start":{"line":64,"column":0},"end":{"line":64,"column":36}}},"s":{"0":1,"1":1,"3":1,"4":1,"5":1,"6":0,"7":0,"8":0,"9":1,"11":1,"12":1,"13":1,"14":0,"15":0,"16":0,"17":0,"18":0,"19":0,"20":0,"21":0,"22":0,"23":0,"24":0,"25":0,"26":1,"28":1,"29":1,"30":1,"31":1,"32":1,"33":1,"34":1,"35":1,"36":1,"37":1,"38":4,"39":4,"40":4,"41":1,"42":1,"43":4,"44":4,"45":1,"46":1,"47":4,"48":4,"49":1,"50":1,"51":4,"52":4,"53":1,"54":1,"55":4,"56":4,"57":1,"58":1,"59":4,"60":1,"61":1,"63":1},"branchMap":{"0":{"type":"branch","line":38,"loc":{"start":{"line":38,"column":17},"end":{"line":61,"column":3}},"locations":[{"start":{"line":38,"column":17},"end":{"line":61,"column":3}}]},"1":{"type":"branch","line":40,"loc":{"start":{"line":40,"column":38},"end":{"line":40,"column":76}},"locations":[{"start":{"line":40,"column":38},"end":{"line":40,"column":76}}]},"2":{"type":"branch","line":41,"loc":{"start":{"line":41,"column":40},"end":{"line":44,"column":7}},"locations":[{"start":{"line":41,"column":40},"end":{"line":44,"column":7}}]},"3":{"type":"branch","line":45,"loc":{"start":{"line":45,"column":39},"end":{"line":48,"column":7}},"locations":[{"start":{"line":45,"column":39},"end":{"line":48,"column":7}}]},"4":{"type":"branch","line":49,"loc":{"start":{"line":49,"column":41},"end":{"line":52,"column":7}},"locations":[{"start":{"line":49,"column":41},"end":{"line":52,"column":7}}]},"5":{"type":"branch","line":53,"loc":{"start":{"line":53,"column":43},"end":{"line":56,"column":7}},"locations":[{"start":{"line":53,"column":43},"end":{"line":56,"column":7}}]},"6":{"type":"branch","line":57,"loc":{"start":{"line":57,"column":42},"end":{"line":60,"column":7}},"locations":[{"start":{"line":57,"column":42},"end":{"line":60,"column":7}}]}},"b":{"0":[4],"1":[1],"2":[1],"3":[1],"4":[1],"5":[1],"6":[1]},"fnMap":{"0":{"name":"extraReducers","decl":{"start":{"line":38,"column":17},"end":{"line":61,"column":3}},"loc":{"start":{"line":38,"column":17},"end":{"line":61,"column":3}},"line":38}},"f":{"0":4}}
,"/Users/annukumariyadav/Developer/onboarding-assignment/src/features/wishlist/wishlistSlice.js": {"path":"/Users/annukumariyadav/Developer/onboarding-assignment/src/features/wishlist/wishlistSlice.js","all":false,"statementMap":{"0":{"start":{"line":1,"column":0},"end":{"line":1,"column":91}},"2":{"start":{"line":3,"column":0},"end":{"line":3,"column":35}},"3":{"start":{"line":4,"column":0},"end":{"line":4,"column":19}},"4":{"start":{"line":5,"column":0},"end":{"line":5,"column":17}},"5":{"start":{"line":6,"column":0},"end":{"line":6,"column":14}},"6":{"start":{"line":7,"column":0},"end":{"line":7,"column":4}},"7":{"start":{"line":8,"column":0},"end":{"line":8,"column":13}},"8":{"start":{"line":9,"column":0},"end":{"line":9,"column":35}},"9":{"start":{"line":10,"column":0},"end":{"line":10,"column":39}},"10":{"start":{"line":11,"column":0},"end":{"line":11,"column":59}},"11":{"start":{"line":12,"column":0},"end":{"line":12,"column":6}},"12":{"start":{"line":13,"column":0},"end":{"line":13,"column":31}},"13":{"start":{"line":14,"column":0},"end":{"line":14,"column":45}},"14":{"start":{"line":15,"column":0},"end":{"line":15,"column":14}},"15":{"start":{"line":16,"column":0},"end":{"line":16,"column":36}},"16":{"start":{"line":17,"column":0},"end":{"line":17,"column":7}},"17":{"start":{"line":18,"column":0},"end":{"line":18,"column":6}},"18":{"start":{"line":19,"column":0},"end":{"line":19,"column":4}},"19":{"start":{"line":20,"column":0},"end":{"line":20,"column":3}},"21":{"start":{"line":22,"column":0},"end":{"line":22,"column":56}},"22":{"start":{"line":23,"column":0},"end":{"line":23,"column":37}}},"s":{"0":1,"2":1,"3":1,"4":1,"5":1,"6":1,"7":1,"8":1,"9":1,"10":1,"11":1,"12":1,"13":0,"14":1,"15":1,"16":1,"17":1,"18":1,"19":1,"21":1,"22":1},"branchMap":{"0":{"type":"branch","line":9,"loc":{"start":{"line":9,"column":4},"end":{"line":18,"column":5}},"locations":[{"start":{"line":9,"column":4},"end":{"line":18,"column":5}}]},"1":{"type":"branch","line":13,"loc":{"start":{"line":13,"column":30},"end":{"line":15,"column":7}},"locations":[{"start":{"line":13,"column":30},"end":{"line":15,"column":7}}]}},"b":{"0":[1],"1":[0]},"fnMap":{"0":{"name":"toggleWishlist","decl":{"start":{"line":9,"column":4},"end":{"line":18,"column":5}},"loc":{"start":{"line":9,"column":4},"end":{"line":18,"column":5}},"line":9}},"f":{"0":1}}
,"/Users/annukumariyadav/Developer/onboarding-assignment/src/hooks/useCartControls.js": {"path":"/Users/annukumariyadav/Developer/onboarding-assignment/src/hooks/useCartControls.js","all":false,"statementMap":{"0":{"start":{"line":1,"column":0},"end":{"line":1,"column":56}},"1":{"start":{"line":2,"column":0},"end":{"line":2,"column":90}},"2":{"start":{"line":3,"column":0},"end":{"line":3,"column":68}},"3":{"start":{"line":4,"column":0},"end":{"line":4,"column":76}},"5":{"start":{"line":6,"column":0},"end":{"line":6,"column":61}},"6":{"start":{"line":7,"column":0},"end":{"line":7,"column":33}},"7":{"start":{"line":8,"column":0},"end":{"line":8,"column":47}},"9":{"start":{"line":10,"column":0},"end":{"line":10,"column":39}},"10":{"start":{"line":11,"column":0},"end":{"line":11,"column":63}},"11":{"start":{"line":12,"column":0},"end":{"line":12,"column":4}},"12":{"start":{"line":13,"column":0},"end":{"line":13,"column":58}},"14":{"start":{"line":15,"column":0},"end":{"line":15,"column":34}},"15":{"start":{"line":16,"column":0},"end":{"line":16,"column":12}},"16":{"start":{"line":17,"column":0},"end":{"line":17,"column":25}},"17":{"start":{"line":18,"column":0},"end":{"line":18,"column":26}},"18":{"start":{"line":19,"column":0},"end":{"line":19,"column":5}},"19":{"start":{"line":20,"column":0},"end":{"line":20,"column":25}},"20":{"start":{"line":21,"column":0},"end":{"line":21,"column":43}},"21":{"start":{"line":22,"column":0},"end":{"line":22,"column":61}},"22":{"start":{"line":23,"column":0},"end":{"line":23,"column":15}},"23":{"start":{"line":24,"column":0},"end":{"line":24,"column":19}},"24":{"start":{"line":25,"column":0},"end":{"line":25,"column":26}},"25":{"start":{"line":26,"column":0},"end":{"line":26,"column":101}},"26":{"start":{"line":27,"column":0},"end":{"line":27,"column":8}},"27":{"start":{"line":28,"column":0},"end":{"line":28,"column":20}},"28":{"start":{"line":29,"column":0},"end":{"line":29,"column":26}},"29":{"start":{"line":30,"column":0},"end":{"line":30,"column":46}},"30":{"start":{"line":31,"column":0},"end":{"line":31,"column":9}},"31":{"start":{"line":32,"column":0},"end":{"line":32,"column":4}},"33":{"start":{"line":34,"column":0},"end":{"line":34,"column":34}},"34":{"start":{"line":35,"column":0},"end":{"line":35,"column":12}},"35":{"start":{"line":36,"column":0},"end":{"line":36,"column":25}},"36":{"start":{"line":37,"column":0},"end":{"line":37,"column":26}},"37":{"start":{"line":38,"column":0},"end":{"line":38,"column":5}},"38":{"start":{"line":39,"column":0},"end":{"line":39,"column":25}},"39":{"start":{"line":40,"column":0},"end":{"line":40,"column":39}},"40":{"start":{"line":41,"column":0},"end":{"line":41,"column":15}},"41":{"start":{"line":42,"column":0},"end":{"line":42,"column":19}},"42":{"start":{"line":43,"column":0},"end":{"line":43,"column":26}},"43":{"start":{"line":44,"column":0},"end":{"line":44,"column":45}},"44":{"start":{"line":45,"column":0},"end":{"line":45,"column":8}},"45":{"start":{"line":46,"column":0},"end":{"line":46,"column":20}},"46":{"start":{"line":47,"column":0},"end":{"line":47,"column":26}},"47":{"start":{"line":48,"column":0},"end":{"line":48,"column":46}},"48":{"start":{"line":49,"column":0},"end":{"line":49,"column":9}},"49":{"start":{"line":50,"column":0},"end":{"line":50,"column":4}},"51":{"start":{"line":52,"column":0},"end":{"line":52,"column":10}},"52":{"start":{"line":53,"column":0},"end":{"line":53,"column":19}},"53":{"start":{"line":54,"column":0},"end":{"line":54,"column":20}},"54":{"start":{"line":55,"column":0},"end":{"line":55,"column":20}},"55":{"start":{"line":56,"column":0},"end":{"line":56,"column":11}},"56":{"start":{"line":57,"column":0},"end":{"line":57,"column":4}},"57":{"start":{"line":58,"column":0},"end":{"line":58,"column":2}}},"s":{"0":1,"1":1,"2":1,"3":1,"5":1,"6":12,"7":12,"9":12,"10":12,"11":12,"12":12,"14":12,"15":3,"16":0,"17":0,"18":0,"19":3,"20":3,"21":3,"22":3,"23":3,"24":2,"25":2,"26":3,"27":3,"28":1,"29":1,"30":3,"31":12,"33":12,"34":2,"35":0,"36":0,"37":0,"38":2,"39":2,"40":2,"41":2,"42":1,"43":1,"44":2,"45":2,"46":1,"47":1,"48":2,"49":12,"51":12,"52":12,"53":12,"54":12,"55":12,"56":12,"57":12},"branchMap":{"0":{"type":"branch","line":6,"loc":{"start":{"line":6,"column":31},"end":{"line":58,"column":2}},"locations":[{"start":{"line":6,"column":31},"end":{"line":58,"column":2}}]},"1":{"type":"branch","line":13,"loc":{"start":{"line":13,"column":34},"end":{"line":13,"column":53}},"locations":[{"start":{"line":13,"column":34},"end":{"line":13,"column":53}}]},"2":{"type":"branch","line":13,"loc":{"start":{"line":13,"column":54},"end":{"line":13,"column":57}},"locations":[{"start":{"line":13,"column":54},"end":{"line":13,"column":57}}]},"3":{"type":"branch","line":10,"loc":{"start":{"line":10,"column":31},"end":{"line":11,"column":63}},"locations":[{"start":{"line":10,"column":31},"end":{"line":11,"column":63}}]},"4":{"type":"branch","line":11,"loc":{"start":{"line":11,"column":26},"end":{"line":11,"column":62}},"locations":[{"start":{"line":11,"column":26},"end":{"line":11,"column":62}}]},"5":{"type":"branch","line":15,"loc":{"start":{"line":15,"column":26},"end":{"line":32,"column":3}},"locations":[{"start":{"line":15,"column":26},"end":{"line":32,"column":3}}]},"6":{"type":"branch","line":16,"loc":{"start":{"line":16,"column":11},"end":{"line":19,"column":5}},"locations":[{"start":{"line":16,"column":11},"end":{"line":19,"column":5}}]},"7":{"type":"branch","line":24,"loc":{"start":{"line":24,"column":12},"end":{"line":27,"column":7}},"locations":[{"start":{"line":24,"column":12},"end":{"line":27,"column":7}}]},"8":{"type":"branch","line":26,"loc":{"start":{"line":26,"column":43},"end":{"line":26,"column":77}},"locations":[{"start":{"line":26,"column":43},"end":{"line":26,"column":77}}]},"9":{"type":"branch","line":26,"loc":{"start":{"line":26,"column":78},"end":{"line":26,"column":99}},"locations":[{"start":{"line":26,"column":78},"end":{"line":26,"column":99}}]},"10":{"type":"branch","line":28,"loc":{"start":{"line":28,"column":13},"end":{"line":31,"column":7}},"locations":[{"start":{"line":28,"column":13},"end":{"line":31,"column":7}}]},"11":{"type":"branch","line":34,"loc":{"start":{"line":34,"column":26},"end":{"line":50,"column":3}},"locations":[{"start":{"line":34,"column":26},"end":{"line":50,"column":3}}]},"12":{"type":"branch","line":35,"loc":{"start":{"line":35,"column":11},"end":{"line":38,"column":5}},"locations":[{"start":{"line":35,"column":11},"end":{"line":38,"column":5}}]},"13":{"type":"branch","line":42,"loc":{"start":{"line":42,"column":12},"end":{"line":45,"column":7}},"locations":[{"start":{"line":42,"column":12},"end":{"line":45,"column":7}}]},"14":{"type":"branch","line":46,"loc":{"start":{"line":46,"column":13},"end":{"line":49,"column":7}},"locations":[{"start":{"line":46,"column":13},"end":{"line":49,"column":7}}]}},"b":{"0":[12],"1":[3],"2":[9],"3":[12],"4":[3],"5":[3],"6":[0],"7":[2],"8":[1],"9":[1],"10":[1],"11":[2],"12":[0],"13":[1],"14":[1]},"fnMap":{"0":{"name":"useCartControls","decl":{"start":{"line":6,"column":31},"end":{"line":58,"column":2}},"loc":{"start":{"line":6,"column":31},"end":{"line":58,"column":2}},"line":6},"1":{"name":"handleIncrement","decl":{"start":{"line":15,"column":26},"end":{"line":32,"column":3}},"loc":{"start":{"line":15,"column":26},"end":{"line":32,"column":3}},"line":15},"2":{"name":"handleDecrement","decl":{"start":{"line":34,"column":26},"end":{"line":50,"column":3}},"loc":{"start":{"line":34,"column":26},"end":{"line":50,"column":3}},"line":34}},"f":{"0":12,"1":3,"2":2}}
[...]
":{"line":65,"column":0},"end":{"line":65,"column":7}},"66":{"start":{"line":67,"column":0},"end":{"line":67,"column":20}},"67":{"start":{"line":68,"column":0},"end":{"line":68,"column":29}},"69":{"start":{"line":70,"column":0},"end":{"line":70,"column":74}},"70":{"start":{"line":71,"column":0},"end":{"line":71,"column":71}},"72":{"start":{"line":73,"column":0},"end":{"line":73,"column":10}},"73":{"start":{"line":74,"column":0},"end":{"line":74,"column":49}},"74":{"start":{"line":75,"column":0},"end":{"line":75,"column":14}},"75":{"start":{"line":76,"column":0},"end":{"line":76,"column":82}},"76":{"start":{"line":77,"column":0},"end":{"line":77,"column":71}},"78":{"start":{"line":79,"column":0},"end":{"line":79,"column":14}},"79":{"start":{"line":80,"column":0},"end":{"line":80,"column":15}},"81":{"start":{"line":82,"column":0},"end":{"line":82,"column":56}},"82":{"start":{"line":83,"column":0},"end":{"line":83,"column":78}},"83":{"start":{"line":84,"column":0},"end":{"line":84,"column":67}},"84":{"start":{"line":85,"column":0},"end":{"line":85,"column":63}},"85":{"start":{"line":86,"column":0},"end":{"line":86,"column":94}},"86":{"start":{"line":87,"column":0},"end":{"line":87,"column":77}},"87":{"start":{"line":88,"column":0},"end":{"line":88,"column":44}},"88":{"start":{"line":89,"column":0},"end":{"line":89,"column":13}},"90":{"start":{"line":91,"column":0},"end":{"line":91,"column":21}},"91":{"start":{"line":92,"column":0},"end":{"line":92,"column":16}},"93":{"start":{"line":94,"column":0},"end":{"line":94,"column":16}},"94":{"start":{"line":95,"column":0},"end":{"line":95,"column":39}},"95":{"start":{"line":96,"column":0},"end":{"line":96,"column":78}},"96":{"start":{"line":97,"column":0},"end":{"line":97,"column":52}},"97":{"start":{"line":98,"column":0},"end":{"line":98,"column":89}},"98":{"start":{"line":99,"column":0},"end":{"line":99,"column":24}},"99":{"start":{"line":100,"column":0},"end":{"line":100,"column":35}},"100":{"start":{"line":101,"column":0},"end":{"line":101,"column":75}},"101":{"start":{"line":102,"column":0},"end":{"line":102,"column":102}},"102":{"start":{"line":103,"column":0},"end":{"line":103,"column":48}},"103":{"start":{"line":104,"column":0},"end":{"line":104,"column":20}},"104":{"start":{"line":105,"column":0},"end":{"line":105,"column":64}},"105":{"start":{"line":106,"column":0},"end":{"line":106,"column":24}},"106":{"start":{"line":107,"column":0},"end":{"line":107,"column":17}},"107":{"start":{"line":108,"column":0},"end":{"line":108,"column":41}},"108":{"start":{"line":109,"column":0},"end":{"line":109,"column":23}},"109":{"start":{"line":110,"column":0},"end":{"line":110,"column":31}},"110":{"start":{"line":111,"column":0},"end":{"line":111,"column":74}},"111":{"start":{"line":112,"column":0},"end":{"line":112,"column":72}},"112":{"start":{"line":113,"column":0},"end":{"line":113,"column":51}},"114":{"start":{"line":115,"column":0},"end":{"line":115,"column":65}},"115":{"start":{"line":116,"column":0},"end":{"line":116,"column":25}},"117":{"start":{"line":118,"column":0},"end":{"line":118,"column":23}},"119":{"start":{"line":120,"column":0},"end":{"line":120,"column":39}},"120":{"start":{"line":121,"column":0},"end":{"line":121,"column":81}},"121":{"start":{"line":122,"column":0},"end":{"line":122,"column":42}},"122":{"start":{"line":123,"column":0},"end":{"line":123,"column":21}},"123":{"start":{"line":124,"column":0},"end":{"line":124,"column":86}},"124":{"start":{"line":125,"column":0},"end":{"line":125,"column":24}},"125":{"start":{"line":126,"column":0},"end":{"line":126,"column":34}},"126":{"start":{"line":127,"column":0},"end":{"line":127,"column":33}},"127":{"start":{"line":128,"column":0},"end":{"line":128,"column":37}},"128":{"start":{"line":129,"column":0},"end":{"line":129,"column":44}},"129":{"start":{"line":130,"column":0},"end":{"line":130,"column":104}},"130":{"start":{"line":131,"column":0},"end":{"line":131,"column":66}},"131":{"start":{"line":132,"column":0},"end":{"line":132,"column":48}},"132":{"start":{"line":133,"column":0},"end":{"line":133,"column":20}},"133":{"start":{"line":134,"column":0},"end":{"line":134,"column":22}},"134":{"start":{"line":135,"column":0},"end":{"line":135,"column":21}},"135":{"start":{"line":136,"column":0},"end":{"line":136,"column":86}},"136":{"start":{"line":137,"column":0},"end":{"line":137,"column":24}},"137":{"start":{"line":138,"column":0},"end":{"line":138,"column":34}},"138":{"start":{"line":139,"column":0},"end":{"line":139,"column":33}},"139":{"start":{"line":140,"column":0},"end":{"line":140,"column":37}},"140":{"start":{"line":141,"column":0},"end":{"line":141,"column":44}},"141":{"start":{"line":142,"column":0},"end":{"line":142,"column":104}},"142":{"start":{"line":143,"column":0},"end":{"line":143,"column":66}},"143":{"start":{"line":144,"column":0},"end":{"line":144,"column":48}},"144":{"start":{"line":145,"column":0},"end":{"line":145,"column":20}},"145":{"start":{"line":146,"column":0},"end":{"line":146,"column":22}},"146":{"start":{"line":147,"column":0},"end":{"line":147,"column":20}},"147":{"start":{"line":148,"column":0},"end":{"line":148,"column":23}},"149":{"start":{"line":150,"column":0},"end":{"line":150,"column":22}},"150":{"start":{"line":151,"column":0},"end":{"line":151,"column":76}},"151":{"start":{"line":152,"column":0},"end":{"line":152,"column":39}},"152":{"start":{"line":153,"column":0},"end":{"line":153,"column":87}},"153":{"start":{"line":154,"column":0},"end":{"line":154,"column":24}},"154":{"start":{"line":155,"column":0},"end":{"line":155,"column":32}},"155":{"start":{"line":156,"column":0},"end":{"line":156,"column":33}},"156":{"start":{"line":157,"column":0},"end":{"line":157,"column":63}},"157":{"start":{"line":158,"column":0},"end":{"line":158,"column":103}},"158":{"start":{"line":159,"column":0},"end":{"line":159,"column":48}},"159":{"start":{"line":160,"column":0},"end":{"line":160,"column":20}},"160":{"start":{"line":161,"column":0},"end":{"line":161,"column":36}},"161":{"start":{"line":162,"column":0},"end":{"line":162,"column":24}},"162":{"start":{"line":163,"column":0},"end":{"line":163,"column":17}},"163":{"start":{"line":164,"column":0},"end":{"line":164,"column":23}},"164":{"start":{"line":165,"column":0},"end":{"line":165,"column":17}},"165":{"start":{"line":166,"column":0},"end":{"line":166,"column":16}},"167":{"start":{"line":168,"column":0},"end":{"line":168,"column":51}},"168":{"start":{"line":169,"column":0},"end":{"line":169,"column":66}},"169":{"start":{"line":170,"column":0},"end":{"line":170,"column":113}},"170":{"start":{"line":171,"column":0},"end":{"line":171,"column":17}},"171":{"start":{"line":172,"column":0},"end":{"line":172,"column":83}},"172":{"start":{"line":173,"column":0},"end":{"line":173,"column":21}},"173":{"start":{"line":174,"column":0},"end":{"line":174,"column":28}},"174":{"start":{"line":175,"column":0},"end":{"line":175,"column":51}},"175":{"start":{"line":176,"column":0},"end":{"line":176,"column":52}},"176":{"start":{"line":177,"column":0},"end":{"line":177,"column":58}},"177":{"start":{"line":178,"column":0},"end":{"line":178,"column":20}},"178":{"start":{"line":179,"column":0},"end":{"line":179,"column":71}},"179":{"start":{"line":180,"column":0},"end":{"line":180,"column":57}},"180":{"start":{"line":181,"column":0},"end":{"line":181,"column":44}},"182":{"start":{"line":183,"column":0},"end":{"line":183,"column":69}},"183":{"start":{"line":184,"column":0},"end":{"line":184,"column":70}},"184":{"start":{"line":185,"column":0},"end":{"line":185,"column":72}},"185":{"start":{"line":186,"column":0},"end":{"line":186,"column":71}},"186":{"start":{"line":187,"column":0},"end":{"line":187,"column":23}},"187":{"start":{"line":188,"column":0},"end":{"line":188,"column":18}},"188":{"start":{"line":189,"column":0},"end":{"line":189,"column":16}},"190":{"start":{"line":191,"column":0},"end":{"line":191,"column":36}},"191":{"start":{"line":192,"column":0},"end":{"line":192,"column":86}},"194":{"start":{"line":195,"column":0},"end":{"line":195,"column":38}},"195":{"start":{"line":196,"column":0},"end":{"line":196,"column":77}},"196":{"start":{"line":197,"column":0},"end":{"line":197,"column":43}},"197":{"start":{"line":198,"column":0},"end":{"line":198,"column":99}},"198":{"start":{"line":199,"column":0},"end":{"line":199,"column":60}},"199":{"start":{"line":200,"column":0},"end":{"line":200,"column":119}},"201":{"start":{"line":202,"column":0},"end":{"line":202,"column":86}},"202":{"start":{"line":203,"column":0},"end":{"line":203,"column":94}},"203":{"start":{"line":204,"column":0},"end":{"line":204,"column":65}},"204":{"start":{"line":205,"column":0},"end":{"line":205,"column":21}},"205":{"start":{"line":206,"column":0},"end":{"line":206,"column":22}},"208":{"start":{"line":209,"column":0},"end":{"line":209,"column":33}},"209":{"start":{"line":210,"column":0},"end":{"line":210,"column":50}},"210":{"start":{"line":211,"column":0},"end":{"line":211,"column":25}},"211":{"start":{"line":212,"column":0},"end":{"line":212,"column":56}},"212":{"start":{"line":213,"column":0},"end":{"line":213,"column":140}},"213":{"start":{"line":214,"column":0},"end":{"line":214,"column":19}},"215":{"start":{"line":216,"column":0},"end":{"line":216,"column":27}},"216":{"start":{"line":217,"column":0},"end":{"line":217,"column":22}},"218":{"start":{"line":219,"column":0},"end":{"line":219,"column":22}},"220":{"start":{"line":221,"column":0},"end":{"line":221,"column":15}},"221":{"start":{"line":222,"column":0},"end":{"line":222,"column":12}},"222":{"start":{"line":223,"column":0},"end":{"line":223,"column":10}},"224":{"start":{"line":225,"column":0},"end":{"line":225,"column":2}},"226":{"start":{"line":227,"column":0},"end":{"line":227,"column":34}}},"s":{"0":1,"1":1,"2":1,"5":1,"12":1,"16":1,"18":1,"19":4,"20":4,"22":4,"23":4,"24":4,"26":4,"27":3,"28":0,"29":0,"30":4,"32":4,"33":3,"34":3,"35":4,"37":4,"38":3,"39":4,"41":4,"42":4,"44":4,"45":1,"46":2,"47":1,"48":1,"49":4,"50":0,"51":0,"52":4,"53":0,"54":0,"55":4,"56":0,"57":0,"59":4,"60":4,"61":2,"62":0,"63":0,"64":4,"66":4,"67":4,"69":4,"70":4,"72":4,"73":4,"74":4,"75":4,"76":4,"78":4,"79":4,"81":4,"82":4,"83":4,"84":4,"85":4,"86":4,"87":4,"88":4,"90":4,"91":4,"93":4,"94":4,"95":4,"96":4,"97":6,"98":6,"99":6,"100":6,"101":6,"102":6,"103":6,"104":6,"105":6,"106":4,"107":4,"108":0,"109":0,"110":0,"111":0,"112":0,"114":0,"115":0,"117":4,"119":4,"120":4,"121":4,"122":4,"123":4,"124":4,"125":4,"126":4,"127":4,"128":4,"129":4,"130":4,"131":4,"132":4,"133":4,"134":4,"135":4,"136":4,"137":4,"138":4,"139":4,"140":4,"141":4,"142":4,"143":4,"144":4,"145":4,"146":4,"147":4,"149":4,"150":4,"151":4,"152":8,"153":8,"154":8,"155":8,"156":8,"157":8,"158":8,"159":8,"160":8,"161":8,"162":4,"163":4,"164":4,"165":4,"167":4,"168":4,"169":4,"170":4,"171":4,"172":4,"173":4,"174":4,"175":0,"176":0,"177":0,"178":4,"179":4,"180":4,"182":4,"183":4,"184":4,"185":4,"186":4,"187":4,"188":4,"190":4,"191":1,"194":4,"195":3,"196":3,"197":0,"198":3,"199":0,"201":3,"202":3,"203":5,"204":3,"205":3,"208":3,"209":0,"210":0,"211":0,"212":0,"213":0,"215":0,"216":0,"218":3,"220":4,"221":4,"222":4,"224":4,"226":1},"branchMap":{"0":{"type":"branch","line":19,"loc":{"start":{"line":19,"column":27},"end":{"line":225,"column":2}},"locations":[{"start":{"line":19,"column":27},"end":{"line":225,"column":2}}]},"1":{"type":"branch","line":108,"loc":{"start":{"line":108,"column":35},"end":{"line":116,"column":25}},"locations":[{"start":{"line":108,"column":35},"end":{"line":116,"column":25}}]},"2":{"type":"branch","line":191,"loc":{"start":{"line":191,"column":22},"end":{"line":192,"column":86}},"locations":[{"start":{"line":191,"column":22},"end":{"line":192,"column":86}}]},"3":{"type":"branch","line":195,"loc":{"start":{"line":195,"column":22},"end":{"line":219,"column":22}},"locations":[{"start":{"line":195,"column":22},"end":{"line":219,"column":22}}]},"4":{"type":"branch","line":197,"loc":{"start":{"line":197,"column":38},"end":{"line":198,"column":99}},"locations":[{"start":{"line":197,"column":38},"end":{"line":198,"column":99}}]},"5":{"type":"branch","line":199,"loc":{"start":{"line":199,"column":55},"end":{"line":200,"column":119}},"locations":[{"start":{"line":199,"column":55},"end":{"line":200,"column":119}}]},"6":{"type":"branch","line":209,"loc":{"start":{"line":209,"column":15},"end":{"line":217,"column":22}},"locations":[{"start":{"line":209,"column":15},"end":{"line":217,"column":22}}]},"7":{"type":"branch","line":23,"loc":{"start":{"line":23,"column":51},"end":{"line":23,"column":76}},"locations":[{"start":{"line":23,"column":51},"end":{"line":23,"column":76}}]},"8":{"type":"branch","line":24,"loc":{"start":{"line":24,"column":30},"end":{"line":24,"column":54}},"locations":[{"start":{"line":24,"column":30},"end":{"line":24,"column":54}}]},"9":{"type":"branch","line":25,"loc":{"start":{"line":25,"column":34},"end":{"line":25,"column":73}},"locations":[{"start":{"line":25,"column":34},"end":{"line":25,"column":73}}]},"10":{"type":"branch","line":27,"loc":{"start":{"line":27,"column":12},"end":{"line":31,"column":5}},"locations":[{"start":{"line":27,"column":12},"end":{"line":31,"column":5}}]},"11":{"type":"branch","line":28,"loc":{"start":{"line":28,"column":27},"end":{"line":30,"column":5}},"locations":[{"start":{"line":28,"column":27},"end":{"line":30,"column":5}}]},"12":{"type":"branch","line":33,"loc":{"start":{"line":33,"column":29},"end":{"line":36,"column":5}},"locations":[{"start":{"line":33,"column":29},"end":{"line":36,"column":5}}]},"13":{"type":"branch","line":34,"loc":{"start":{"line":34,"column":40},"end":{"line":34,"column":57}},"locations":[{"start":{"line":34,"column":40},"end":{"line":34,"column":57}}]},"14":{"type":"branch","line":38,"loc":{"start":{"line":38,"column":36},"end":{"line":40,"column":5}},"locations":[{"start":{"line":38,"column":36},"end":{"line":40,"column":5}}]},"15":{"type":"branch","line":39,"loc":{"start":{"line":39,"column":11},"end":{"line":39,"column":44}},"locations":[{"start":{"line":39,"column":11},"end":{"line":39,"column":44}}]},"16":{"type":"branch","line":42,"loc":{"start":{"line":42,"column":44},"end":{"line":68,"column":5}},"locations":[{"start":{"line":42,"column":44},"end":{"line":68,"column":5}}]},"17":{"type":"branch","line":45,"loc":{"start":{"line":45,"column":43},"end":{"line":49,"column":5}},"locations":[{"start":{"line":45,"column":43},"end":{"line":49,"column":5}}]},"18":{"type":"branch","line":50,"loc":{"start":{"line":50,"column":26},"end":{"line":52,"column":5}},"locations":[{"start":{"line":50,"column":26},"end":{"line":52,"column":5}}]},"19":{"type":"branch","line":53,"loc":{"start":{"line":53,"column":26},"end":{"line":55,"column":5}},"locations":[{"start":{"line":53,"column":26},"end":{"line":55,"column":5}}]},"20":{"type":"branch","line":56,"loc":{"start":{"line":56,"column":27},"end":{"line":58,"column":5}},"locations":[{"start":{"line":56,"column":27},"end":{"line":58,"column":5}}]},"21":{"type":"branch","line":46,"loc":{"start":{"line":46,"column":33},"end":{"line":47,"column":61}},"locations":[{"start":{"line":46,"column":33},"end":{"line":47,"column":61}}]},"22":{"type":"branch","line":61,"loc":{"start":{"line":61,"column":18},"end":{"line":65,"column":5}},"locations":[{"start":{"line":61,"column":18},"end":{"line":65,"column":5}}]},"23":{"type":"branch","line":62,"loc":{"start":{"line":62,"column":48},"end":{"line":62,"column":61}},"locations":[{"start":{"line":62,"column":48},"end":{"line":62,"column":61}}]},"24":{"type":"branch","line":62,"loc":{"start":{"line":62,"column":61},"end":{"line":64,"column":15}},"locations":[{"start":{"line":62,"column":61},"end":{"line":64,"column":15}}]},"25":{"type":"branch","line":97,"loc":{"start":{"line":97,"column":37},"end":{"line":106,"column":24}},"locations":[{"start":{"line":97,"column":37},"end":{"line":106,"column":24}}]},"26":{"type":"branch","line":102,"loc":{"start":{"line":102,"column":30},"end":{"line":102,"column":102}},"locations":[{"start":{"line":102,"column":30},"end":{"line":102,"column":102}}]},"27":{"type":"branch","line":152,"loc":{"start":{"line":152,"column":26},"end":{"line":162,"column":24}},"locations":[{"start":{"line":152,"column":26},"end":{"line":162,"column":24}}]},"28":{"type":"branch","line":203,"loc":{"start":{"line":203,"column":42},"end":{"line":203,"column":74}},"locations":[{"start":{"line":203,"column":42},"end":{"line":203,"column":74}}]},"29":{"type":"branch","line":203,"loc":{"start":{"line":203,"column":80},"end":{"line":204,"column":65}},"locations":[{"start":{"line":203,"column":80},"end":{"line":204,"column":65}}]}},"b":{"0":[4],"1":[0],"2":[1],"3":[3],"4":[0],"5":[0],"6":[0],"7":[7],"8":[7],"9":[7],"10":[3],"11":[0],"12":[3],"13":[4],"14":[3],"15":[0],"16":[4],"17":[1],"18":[0],"19":[0],"20":[0],"21":[2],"22":[2],"23":[0],"24":[0],"25":[6],"26":[1],"27":[8],"28":[5],"29":[5]},"fnMap":{"0":{"name":"ProductListingPage","decl":{"start":{"line":19,"column":27},"end":{"line":225,"column":2}},"loc":{"start":{"line":19,"column":27},"end":{"line":225,"column":2}},"line":19},"1":{"name":"onClick","decl":{"start":{"line":86,"column":29},"end":{"line":86,"column":94}},"loc":{"start":{"line":86,"column":29},"end":{"line":86,"column":94}},"line":86},"2":{"name":"onChange","decl":{"start":{"line":102,"column":30},"end":{"line":102,"column":102}},"loc":{"start":{"line":102,"column":30},"end":{"line":102,"column":102}},"line":102},"3":{"name":"onClick","decl":{"start":{"line":111,"column":27},"end":{"line":111,"column":74}},"loc":{"start":{"line":111,"column":27},"end":{"line":111,"column":74}},"line":111},"4":{"name":"onChange","decl":{"start":{"line":130,"column":30},"end":{"line":130,"column":104}},"loc":{"start":{"line":130,"column":30},"end":{"line":130,"column":104}},"line":130},"5":{"name":"onChange","decl":{"start":{"line":142,"column":30},"end":{"line":142,"column":104}},"loc":{"start":{"line":142,"column":30},"end":{"line":142,"column":104}},"line":142},"6":{"name":"onChange","decl":{"start":{"line":158,"column":30},"end":{"line":158,"column":103}},"loc":{"start":{"line":158,"column":30},"end":{"line":158,"column":103}},"line":158},"7":{"name":"onChange","decl":{"start":{"line":175,"column":26},"end":{"line":178,"column":20}},"loc":{"start":{"line":175,"column":26},"end":{"line":178,"column":20}},"line":175},"8":{"name":"onClick","decl":{"start":{"line":212,"column":29},"end":{"line":212,"column":56}},"loc":{"start":{"line":212,"column":29},"end":{"line":212,"column":56}},"line":212}},"f":{"0":4,"1":0,"2":1,"3":0,"4":0,"5":0,"6":0,"7":0,"8":0}}
,"/Users/annukumariyadav/Developer/onboarding-assignment/src/utils/helper.js": {"path":"/Users/annukumariyadav/Developer/onboarding-assignment/src/utils/helper.js","all":false,"statementMap":{"0":{"start":{"line":1,"column":0},"end":{"line":1,"column":47}},"1":{"start":{"line":2,"column":0},"end":{"line":2,"column":27}},"2":{"start":{"line":3,"column":0},"end":{"line":3,"column":20}},"3":{"start":{"line":4,"column":0},"end":{"line":4,"column":5}},"4":{"start":{"line":5,"column":0},"end":{"line":5,"column":20}},"5":{"start":{"line":6,"column":0},"end":{"line":6,"column":4}}},"s":{"0":1,"1":41,"2":2,"3":2,"4":39,"5":1},"branchMap":{"0":{"type":"branch","line":1,"loc":{"start":{"line":1,"column":32},"end":{"line":6,"column":3}},"locations":[{"start":{"line":1,"column":32},"end":{"line":6,"column":3}}]},"1":{"type":"branch","line":2,"loc":{"start":{"line":2,"column":26},"end":{"line":4,"column":5}},"locations":[{"start":{"line":2,"column":26},"end":{"line":4,"column":5}}]},"2":{"type":"branch","line":4,"loc":{"start":{"line":4,"column":4},"end":{"line":6,"column":2}},"locations":[{"start":{"line":4,"column":4},"end":{"line":6,"column":2}}]}},"b":{"0":[41],"1":[2],"2":[39]},"fnMap":{"0":{"name":"truncateQuantity","decl":{"start":{"line":1,"column":32},"end":{"line":6,"column":3}},"loc":{"start":{"line":1,"column":32},"end":{"line":6,"column":3}},"line":1}},"f":{"0":41}}
}
